2026-03-13 06:25:10,488 - main - INFO - === Logging system initialized ===
2026-03-13 06:25:10,489 - main - INFO - Log file: logs/app_20260313_062510.log
2026-03-13 06:25:10,489 - main - INFO - Log level: INFO
2026-03-13 06:25:10,489 - main - INFO - Timestamp: 20260313_062510
2026-03-13 06:25:11,394 - main - INFO - Included router: routers.aihub.router
2026-03-13 06:25:11,418 - main - INFO - Included router: routers.auth.router
2026-03-13 06:25:11,472 - main - INFO - Included router: routers.brand_rules.router
2026-03-13 06:25:11,602 - main - INFO - Included router: routers.brand_settings.router
2026-03-13 06:25:11,670 - main - INFO - Included router: routers.clientes.router
2026-03-13 06:25:11,725 - main - INFO - Included router: routers.closet_cliente.router
2026-03-13 06:25:11,782 - main - INFO - Included router: routers.curated_look_items.router
2026-03-13 06:25:11,843 - main - INFO - Included router: routers.curated_looks.router
2026-03-13 06:25:11,898 - main - INFO - Included router: routers.empresas.router
2026-03-13 06:25:12,028 - main - INFO - Included router: routers.engine.router
2026-03-13 06:25:12,032 - main - INFO - Included router: routers.health.router
2026-03-13 06:25:12,049 - main - INFO - Included router: routers.import_router.router
2026-03-13 06:25:12,105 - main - INFO - Included router: routers.itens_pedido.router
2026-03-13 06:25:12,158 - main - INFO - Included router: routers.outfit_recommendations.router
2026-03-13 06:25:12,214 - main - INFO - Included router: routers.pedidos.router
2026-03-13 06:25:12,269 - main - INFO - Included router: routers.products.router
2026-03-13 06:25:12,404 - main - INFO - Included router: routers.produtos_empresa.router
2026-03-13 06:25:12,447 - main - INFO - Included router: routers.purchases.router
2026-03-13 06:25:12,500 - main - INFO - Included router: routers.recommendation_logs.router
2026-03-13 06:25:12,523 - main - INFO - Included router: routers.settings.router
2026-03-13 06:25:12,563 - main - INFO - Included router: routers.storage.router
2026-03-13 06:25:12,609 - main - INFO - Included router: routers.style_preferences.router
2026-03-13 06:25:12,619 - main - INFO - Included router: routers.user.router
2026-03-13 06:25:12,620 - main - INFO - === Application startup initiated ===
2026-03-13 06:25:12,620 - services.database - DEBUG - [DB_OP] Starting database initialization
2026-03-13 06:25:12,620 - services.database - INFO - 🔧 Starting database initialization...
2026-03-13 06:25:12,620 - core.database - INFO - Starting database initialization...
2026-03-13 06:25:12,620 - core.config - DEBUG - Read dynamic attribute database_url from environment variable DATABASE_URL
2026-03-13 06:25:12,620 - core.database - INFO - Normalizing database URL for async compatibility...
2026-03-13 06:25:12,621 - core.database - INFO - Creating async database engine...
2026-03-13 06:25:12,621 - core.database - INFO - Using QueuePool with connection pooling for non-Lambda environment
2026-03-13 06:25:12,670 - core.database - INFO - Database engine created successfully
2026-03-13 06:25:12,670 - core.database - INFO - Creating async session maker...
2026-03-13 06:25:12,670 - core.database - INFO - Async session maker created successfully
2026-03-13 06:25:12,670 - core.database - INFO - Database connection initialized successfully
2026-03-13 06:25:12,670 - services.database - INFO - 🔧 Database connection initialized, now creating tables if tables not exist...
2026-03-13 06:25:12,670 - core.database - DEBUG - [DB_OP] Starting create_tables
2026-03-13 06:25:12,670 - core.database - INFO - 🔧 Starting table creation...
2026-03-13 06:25:14,781 - core.database - INFO - Tables initialized successfully
2026-03-13 06:25:14,781 - core.database - DEBUG - [DB_OP] Create tables completed in 2.1108s
2026-03-13 06:25:14,839 - services.database - INFO - 🔧 Table creation completed
2026-03-13 06:25:14,840 - services.database - INFO - Database initialized successfully
2026-03-13 06:25:14,840 - services.database - DEBUG - [DB_OP] Database initialization completed in 2.2197s
2026-03-13 06:25:14,840 - services.mock_data - INFO - Processing mock data file products.json for table products
2026-03-13 06:25:16,748 - services.mock_data - INFO - Table products already has 11 rows; skipping mock insert
2026-03-13 06:25:16,807 - services.database - DEBUG - [DB_OP] Starting database initialization
2026-03-13 06:25:16,807 - services.database - INFO - 🔧 Starting database initialization...
2026-03-13 06:25:16,807 - core.database - INFO - Starting database initialization...
2026-03-13 06:25:16,807 - core.database - INFO - Database already initialized
2026-03-13 06:25:16,807 - services.database - INFO - 🔧 Database connection initialized, now creating tables if tables not exist...
2026-03-13 06:25:16,808 - core.database - DEBUG - [DB_OP] Starting create_tables
2026-03-13 06:25:16,808 - core.database - INFO - Tables already initialized
2026-03-13 06:25:16,808 - services.database - INFO - 🔧 Table creation completed
2026-03-13 06:25:16,808 - services.database - INFO - Database initialized successfully
2026-03-13 06:25:16,808 - services.database - DEBUG - [DB_OP] Database initialization completed in 0.0015s
2026-03-13 06:25:16,808 - core.config - DEBUG - Read dynamic attribute admin_user_id from environment variable ADMIN_USER_ID
2026-03-13 06:25:16,808 - core.config - DEBUG - Read dynamic attribute admin_user_email from environment variable ADMIN_USER_EMAIL
2026-03-13 06:25:17,171 - services.auth - DEBUG - Admin user 1021803 already exists
2026-03-13 06:25:17,230 - main - INFO - === Application startup completed successfully ===
2026-03-13 06:25:17,331 - services.database - DEBUG - [DB_OP] Starting database close
2026-03-13 06:25:17,391 - core.database - INFO - Database connection closed and engine disposed
2026-03-13 06:25:17,392 - services.database - INFO - Database connections closed
2026-03-13 06:25:17,392 - services.database - DEBUG - [DB_OP] Database close completed in 0.0610s
