2026-03-13 06:14:44,432 - main - INFO - === Logging system initialized ===
2026-03-13 06:14:44,432 - main - INFO - Log file: logs/app_20260313_061444.log
2026-03-13 06:14:44,432 - main - INFO - Log level: INFO
2026-03-13 06:14:44,432 - main - INFO - Timestamp: 20260313_061444
2026-03-13 06:14:54,844 - main - INFO - Included router: routers.aihub.router
2026-03-13 06:14:54,990 - main - INFO - Included router: routers.auth.router
2026-03-13 06:14:55,107 - main - INFO - Included router: routers.brand_rules.router
2026-03-13 06:14:55,302 - main - INFO - Included router: routers.brand_settings.router
2026-03-13 06:14:55,439 - main - INFO - Included router: routers.clientes.router
2026-03-13 06:14:55,572 - main - INFO - Included router: routers.closet_cliente.router
2026-03-13 06:14:55,684 - main - INFO - Included router: routers.curated_look_items.router
2026-03-13 06:14:55,835 - main - INFO - Included router: routers.curated_looks.router
2026-03-13 06:14:55,957 - main - INFO - Included router: routers.empresas.router
2026-03-13 06:14:56,196 - main - INFO - Included router: routers.engine.router
2026-03-13 06:14:56,202 - main - INFO - Included router: routers.health.router
2026-03-13 06:14:56,258 - main - INFO - Included router: routers.import_router.router
2026-03-13 06:14:56,371 - main - INFO - Included router: routers.itens_pedido.router
2026-03-13 06:14:56,514 - main - INFO - Included router: routers.outfit_recommendations.router
2026-03-13 06:14:56,619 - main - INFO - Included router: routers.pedidos.router
2026-03-13 06:14:56,822 - main - INFO - Included router: routers.products.router
2026-03-13 06:14:57,017 - main - INFO - Included router: routers.produtos_empresa.router
2026-03-13 06:14:57,136 - main - INFO - Included router: routers.purchases.router
2026-03-13 06:14:57,207 - main - INFO - Included router: routers.recommendation_logs.router
2026-03-13 06:14:57,298 - main - INFO - Included router: routers.settings.router
2026-03-13 06:14:57,513 - main - INFO - Included router: routers.storage.router
2026-03-13 06:14:57,623 - main - INFO - Included router: routers.style_preferences.router
2026-03-13 06:14:57,650 - main - INFO - Included router: routers.user.router
2026-03-13 06:14:57,651 - main - INFO - === Application startup initiated ===
2026-03-13 06:14:57,651 - services.database - DEBUG - [DB_OP] Starting database initialization
2026-03-13 06:14:57,652 - services.database - INFO - 🔧 Starting database initialization...
2026-03-13 06:14:57,652 - core.database - INFO - Starting database initialization...
2026-03-13 06:14:57,652 - core.config - DEBUG - Read dynamic attribute database_url from environment variable DATABASE_URL
2026-03-13 06:14:57,652 - core.database - INFO - Normalizing database URL for async compatibility...
2026-03-13 06:14:57,653 - core.database - INFO - Creating async database engine...
2026-03-13 06:14:57,653 - core.database - INFO - Using QueuePool with connection pooling for non-Lambda environment
2026-03-13 06:14:58,168 - core.database - INFO - Database engine created successfully
2026-03-13 06:14:58,168 - core.database - INFO - Creating async session maker...
2026-03-13 06:14:58,168 - core.database - INFO - Async session maker created successfully
2026-03-13 06:14:58,168 - core.database - INFO - Database connection initialized successfully
2026-03-13 06:14:58,168 - services.database - INFO - 🔧 Database connection initialized, now creating tables if tables not exist...
2026-03-13 06:14:58,168 - core.database - DEBUG - [DB_OP] Starting create_tables
2026-03-13 06:14:58,168 - core.database - INFO - 🔧 Starting table creation...
2026-03-13 06:15:00,301 - core.database - INFO - Tables initialized successfully
2026-03-13 06:15:00,301 - core.database - DEBUG - [DB_OP] Create tables completed in 2.1326s
2026-03-13 06:15:00,362 - services.database - INFO - 🔧 Table creation completed
2026-03-13 06:15:00,362 - services.database - INFO - Database initialized successfully
2026-03-13 06:15:00,363 - services.database - DEBUG - [DB_OP] Database initialization completed in 2.7112s
2026-03-13 06:15:00,364 - services.mock_data - INFO - Processing mock data file products.json for table products
2026-03-13 06:15:02,333 - services.mock_data - INFO - Table products already has 11 rows; skipping mock insert
2026-03-13 06:15:02,392 - services.database - DEBUG - [DB_OP] Starting database initialization
2026-03-13 06:15:02,393 - services.database - INFO - 🔧 Starting database initialization...
2026-03-13 06:15:02,393 - core.database - INFO - Starting database initialization...
2026-03-13 06:15:02,393 - core.database - INFO - Database already initialized
2026-03-13 06:15:02,393 - services.database - INFO - 🔧 Database connection initialized, now creating tables if tables not exist...
2026-03-13 06:15:02,393 - core.database - DEBUG - [DB_OP] Starting create_tables
2026-03-13 06:15:02,393 - core.database - INFO - Tables already initialized
2026-03-13 06:15:02,393 - services.database - INFO - 🔧 Table creation completed
2026-03-13 06:15:02,393 - services.database - INFO - Database initialized successfully
2026-03-13 06:15:02,394 - services.database - DEBUG - [DB_OP] Database initialization completed in 0.0014s
2026-03-13 06:15:02,394 - core.config - DEBUG - Read dynamic attribute admin_user_id from environment variable ADMIN_USER_ID
2026-03-13 06:15:02,394 - core.config - DEBUG - Read dynamic attribute admin_user_email from environment variable ADMIN_USER_EMAIL
2026-03-13 06:15:02,763 - services.auth - DEBUG - Admin user 1021803 already exists
2026-03-13 06:15:02,824 - main - INFO - === Application startup completed successfully ===
2026-03-13 06:16:12,120 - core.config - DEBUG - Read dynamic attribute jwt_secret_key from environment variable JWT_SECRET_KEY
2026-03-13 06:16:12,121 - core.config - DEBUG - Read dynamic attribute jwt_algorithm from environment variable JWT_ALGORITHM
2026-03-13 06:16:12,269 - core.auth - DEBUG - Authentication token validated for user hash: 3e1bb2c4
2026-03-13 06:17:08,461 - core.auth - DEBUG - Authentication token validated for user hash: 3e1bb2c4
2026-03-13 06:18:13,193 - core.auth - DEBUG - Authentication token validated for user hash: 3e1bb2c4
2026-03-13 06:19:15,333 - core.auth - DEBUG - Authentication token validated for user hash: 3e1bb2c4
2026-03-13 06:23:17,586 - core.auth - DEBUG - Authentication token validated for user hash: 3e1bb2c4
2026-03-13 06:24:42,286 - core.auth - DEBUG - Authentication token validated for user hash: 3e1bb2c4
2026-03-13 06:24:47,535 - core.auth - DEBUG - Authentication token validated for user hash: 3e1bb2c4
2026-03-13 06:24:51,073 - services.database - DEBUG - [DB_OP] Starting database close
2026-03-13 06:24:51,074 - core.database - INFO - Database connection closed and engine disposed
2026-03-13 06:24:51,074 - services.database - INFO - Database connections closed
2026-03-13 06:24:51,074 - services.database - DEBUG - [DB_OP] Database close completed in 0.0009s
