2026-03-12 15:22:07,927 - main - INFO - === Logging system initialized ===
2026-03-12 15:22:07,927 - main - INFO - Log file: logs/app_20260312_152207.log
2026-03-12 15:22:07,927 - main - INFO - Log level: INFO
2026-03-12 15:22:07,928 - main - INFO - Timestamp: 20260312_152207
2026-03-12 15:22:08,601 - main - INFO - Included router: routers.aihub.router
2026-03-12 15:22:08,624 - main - INFO - Included router: routers.auth.router
2026-03-12 15:22:08,779 - main - INFO - Included router: routers.clientes.router
2026-03-12 15:22:08,999 - main - INFO - Included router: routers.closet_cliente.router
2026-03-12 15:22:09,194 - main - INFO - Included router: routers.empresas.router
2026-03-12 15:22:09,197 - main - INFO - Included router: routers.health.router
2026-03-12 15:22:09,336 - main - INFO - Included router: routers.itens_pedido.router
2026-03-12 15:22:09,382 - main - INFO - Included router: routers.outfit_recommendations.router
2026-03-12 15:22:09,549 - main - INFO - Included router: routers.pedidos.router
2026-03-12 15:22:09,593 - main - INFO - Included router: routers.products.router
2026-03-12 15:22:09,803 - main - INFO - Included router: routers.produtos_empresa.router
2026-03-12 15:22:09,856 - main - INFO - Included router: routers.purchases.router
2026-03-12 15:22:09,880 - main - INFO - Included router: routers.settings.router
2026-03-12 15:22:09,917 - main - INFO - Included router: routers.storage.router
2026-03-12 15:22:09,964 - main - INFO - Included router: routers.style_preferences.router
2026-03-12 15:22:09,973 - main - INFO - Included router: routers.user.router
2026-03-12 15:22:09,974 - main - INFO - === Application startup initiated ===
2026-03-12 15:22:09,975 - services.database - DEBUG - [DB_OP] Starting database initialization
2026-03-12 15:22:09,975 - services.database - INFO - 🔧 Starting database initialization...
2026-03-12 15:22:09,975 - core.database - INFO - Starting database initialization...
2026-03-12 15:22:09,975 - core.config - DEBUG - Read dynamic attribute database_url from environment variable DATABASE_URL
2026-03-12 15:22:09,975 - core.database - INFO - Normalizing database URL for async compatibility...
2026-03-12 15:22:09,976 - core.database - INFO - Creating async database engine...
2026-03-12 15:22:09,976 - core.database - INFO - Using QueuePool with connection pooling for non-Lambda environment
2026-03-12 15:22:10,031 - core.database - INFO - Database engine created successfully
2026-03-12 15:22:10,032 - core.database - INFO - Creating async session maker...
2026-03-12 15:22:10,032 - core.database - INFO - Async session maker created successfully
2026-03-12 15:22:10,032 - core.database - INFO - Database connection initialized successfully
2026-03-12 15:22:10,032 - services.database - INFO - 🔧 Database connection initialized, now creating tables if tables not exist...
2026-03-12 15:22:10,032 - core.database - DEBUG - [DB_OP] Starting create_tables
2026-03-12 15:22:10,032 - core.database - INFO - 🔧 Starting table creation...
2026-03-12 15:22:11,957 - core.database - INFO - Tables initialized successfully
2026-03-12 15:22:11,957 - core.database - DEBUG - [DB_OP] Create tables completed in 1.9251s
2026-03-12 15:22:12,016 - services.database - INFO - 🔧 Table creation completed
2026-03-12 15:22:12,016 - services.database - INFO - Database initialized successfully
2026-03-12 15:22:12,016 - services.database - DEBUG - [DB_OP] Database initialization completed in 2.0417s
2026-03-12 15:22:12,018 - services.mock_data - INFO - Processing mock data file products.json for table products
2026-03-12 15:22:13,940 - services.mock_data - INFO - Table products already has 11 rows; skipping mock insert
2026-03-12 15:22:13,998 - services.database - DEBUG - [DB_OP] Starting database initialization
2026-03-12 15:22:13,998 - services.database - INFO - 🔧 Starting database initialization...
2026-03-12 15:22:13,999 - core.database - INFO - Starting database initialization...
2026-03-12 15:22:13,999 - core.database - INFO - Database already initialized
2026-03-12 15:22:13,999 - services.database - INFO - 🔧 Database connection initialized, now creating tables if tables not exist...
2026-03-12 15:22:13,999 - core.database - DEBUG - [DB_OP] Starting create_tables
2026-03-12 15:22:13,999 - core.database - INFO - Tables already initialized
2026-03-12 15:22:13,999 - services.database - INFO - 🔧 Table creation completed
2026-03-12 15:22:13,999 - services.database - INFO - Database initialized successfully
2026-03-12 15:22:14,000 - services.database - DEBUG - [DB_OP] Database initialization completed in 0.0014s
2026-03-12 15:22:14,000 - core.config - DEBUG - Read dynamic attribute admin_user_id from environment variable ADMIN_USER_ID
2026-03-12 15:22:14,000 - core.config - DEBUG - Read dynamic attribute admin_user_email from environment variable ADMIN_USER_EMAIL
2026-03-12 15:22:14,357 - services.auth - DEBUG - Admin user 1021803 already exists
2026-03-12 15:22:14,416 - main - INFO - === Application startup completed successfully ===
2026-03-12 15:22:14,517 - services.database - DEBUG - [DB_OP] Starting database close
2026-03-12 15:22:14,579 - core.database - INFO - Database connection closed and engine disposed
2026-03-12 15:22:14,579 - services.database - INFO - Database connections closed
2026-03-12 15:22:14,580 - services.database - DEBUG - [DB_OP] Database close completed in 0.0623s
