2026-03-12 16:17:18,619 - main - INFO - === Logging system initialized ===
2026-03-12 16:17:18,620 - main - INFO - Log file: logs/app_20260312_161718.log
2026-03-12 16:17:18,620 - main - INFO - Log level: INFO
2026-03-12 16:17:18,620 - main - INFO - Timestamp: 20260312_161718
2026-03-12 16:17:19,333 - main - INFO - Included router: routers.aihub.router
2026-03-12 16:17:19,355 - main - INFO - Included router: routers.auth.router
2026-03-12 16:17:19,411 - main - INFO - Included router: routers.brand_rules.router
2026-03-12 16:17:19,585 - main - INFO - Included router: routers.brand_settings.router
2026-03-12 16:17:19,650 - main - INFO - Included router: routers.clientes.router
2026-03-12 16:17:19,701 - main - INFO - Included router: routers.closet_cliente.router
2026-03-12 16:17:19,756 - main - INFO - Included router: routers.curated_look_items.router
2026-03-12 16:17:19,811 - main - INFO - Included router: routers.curated_looks.router
2026-03-12 16:17:19,858 - main - INFO - Included router: routers.empresas.router
2026-03-12 16:17:19,893 - main - INFO - Included router: routers.engine.router
2026-03-12 16:17:19,895 - main - INFO - Included router: routers.health.router
2026-03-12 16:17:19,905 - main - INFO - Included router: routers.import_router.router
2026-03-12 16:17:19,947 - main - INFO - Included router: routers.itens_pedido.router
2026-03-12 16:17:19,989 - main - INFO - Included router: routers.outfit_recommendations.router
2026-03-12 16:17:20,034 - main - INFO - Included router: routers.pedidos.router
2026-03-12 16:17:20,100 - main - INFO - Included router: routers.products.router
2026-03-12 16:17:20,259 - main - INFO - Included router: routers.produtos_empresa.router
2026-03-12 16:17:20,298 - main - INFO - Included router: routers.purchases.router
2026-03-12 16:17:20,343 - main - INFO - Included router: routers.recommendation_logs.router
2026-03-12 16:17:20,361 - main - INFO - Included router: routers.settings.router
2026-03-12 16:17:20,392 - main - INFO - Included router: routers.storage.router
2026-03-12 16:17:20,436 - main - INFO - Included router: routers.style_preferences.router
2026-03-12 16:17:20,448 - main - INFO - Included router: routers.user.router
2026-03-12 16:17:20,449 - main - INFO - === Application startup initiated ===
2026-03-12 16:17:20,449 - services.database - DEBUG - [DB_OP] Starting database initialization
2026-03-12 16:17:20,450 - services.database - INFO - 🔧 Starting database initialization...
2026-03-12 16:17:20,450 - core.database - INFO - Starting database initialization...
2026-03-12 16:17:20,450 - core.config - DEBUG - Read dynamic attribute database_url from environment variable DATABASE_URL
2026-03-12 16:17:20,450 - core.database - INFO - Normalizing database URL for async compatibility...
2026-03-12 16:17:20,451 - core.database - INFO - Creating async database engine...
2026-03-12 16:17:20,451 - core.database - INFO - Using QueuePool with connection pooling for non-Lambda environment
2026-03-12 16:17:20,504 - core.database - INFO - Database engine created successfully
2026-03-12 16:17:20,504 - core.database - INFO - Creating async session maker...
2026-03-12 16:17:20,504 - core.database - INFO - Async session maker created successfully
2026-03-12 16:17:20,504 - core.database - INFO - Database connection initialized successfully
2026-03-12 16:17:20,504 - services.database - INFO - 🔧 Database connection initialized, now creating tables if tables not exist...
2026-03-12 16:17:20,504 - core.database - DEBUG - [DB_OP] Starting create_tables
2026-03-12 16:17:20,504 - core.database - INFO - 🔧 Starting table creation...
2026-03-12 16:17:22,793 - core.database - INFO - Tables initialized successfully
2026-03-12 16:17:22,793 - core.database - DEBUG - [DB_OP] Create tables completed in 2.2891s
2026-03-12 16:17:22,855 - services.database - INFO - 🔧 Table creation completed
2026-03-12 16:17:22,855 - services.database - INFO - Database initialized successfully
2026-03-12 16:17:22,855 - services.database - DEBUG - [DB_OP] Database initialization completed in 2.4060s
2026-03-12 16:17:22,858 - services.mock_data - INFO - Processing mock data file products.json for table products
2026-03-12 16:17:24,803 - services.mock_data - INFO - Table products already has 11 rows; skipping mock insert
2026-03-12 16:17:24,863 - services.database - DEBUG - [DB_OP] Starting database initialization
2026-03-12 16:17:24,863 - services.database - INFO - 🔧 Starting database initialization...
2026-03-12 16:17:24,863 - core.database - INFO - Starting database initialization...
2026-03-12 16:17:24,863 - core.database - INFO - Database already initialized
2026-03-12 16:17:24,863 - services.database - INFO - 🔧 Database connection initialized, now creating tables if tables not exist...
2026-03-12 16:17:24,863 - core.database - DEBUG - [DB_OP] Starting create_tables
2026-03-12 16:17:24,863 - core.database - INFO - Tables already initialized
2026-03-12 16:17:24,864 - services.database - INFO - 🔧 Table creation completed
2026-03-12 16:17:24,864 - services.database - INFO - Database initialized successfully
2026-03-12 16:17:24,864 - services.database - DEBUG - [DB_OP] Database initialization completed in 0.0011s
2026-03-12 16:17:24,864 - core.config - DEBUG - Read dynamic attribute admin_user_id from environment variable ADMIN_USER_ID
2026-03-12 16:17:24,864 - core.config - DEBUG - Read dynamic attribute admin_user_email from environment variable ADMIN_USER_EMAIL
2026-03-12 16:17:25,235 - services.auth - DEBUG - Admin user 1021803 already exists
2026-03-12 16:17:25,294 - main - INFO - === Application startup completed successfully ===
2026-03-12 16:17:30,133 - core.config - DEBUG - Read dynamic attribute jwt_secret_key from environment variable JWT_SECRET_KEY
2026-03-12 16:17:30,133 - core.config - DEBUG - Read dynamic attribute jwt_algorithm from environment variable JWT_ALGORITHM
2026-03-12 16:17:30,153 - core.auth - DEBUG - Authentication token validated for user hash: 3e1bb2c4
2026-03-12 16:21:07,746 - dependencies.auth - DEBUG - Authentication required for request GET /api/v1/auth/me
2026-03-12 16:21:12,805 - core.auth - DEBUG - Authentication token validated for user hash: 3e1bb2c4
2026-03-12 16:22:06,578 - dependencies.auth - DEBUG - Authentication required for request GET /api/v1/auth/me
2026-03-12 16:22:08,292 - core.auth - DEBUG - Authentication token validated for user hash: 3e1bb2c4
2026-03-12 16:22:58,156 - services.database - DEBUG - [DB_OP] Starting database close
2026-03-12 16:22:58,157 - core.database - INFO - Database connection closed and engine disposed
2026-03-12 16:22:58,157 - services.database - INFO - Database connections closed
2026-03-12 16:22:58,157 - services.database - DEBUG - [DB_OP] Database close completed in 0.0013s
