2026-03-12 15:54:34,768 - main - INFO - === Logging system initialized ===
2026-03-12 15:54:34,769 - main - INFO - Log file: logs/app_20260312_155434.log
2026-03-12 15:54:34,769 - main - INFO - Log level: INFO
2026-03-12 15:54:34,769 - main - INFO - Timestamp: 20260312_155434
2026-03-12 15:54:35,426 - main - INFO - Included router: routers.aihub.router
2026-03-12 15:54:35,443 - main - INFO - Included router: routers.auth.router
2026-03-12 15:54:35,694 - main - INFO - Included router: routers.brand_rules.router
2026-03-12 15:54:35,994 - main - INFO - Included router: routers.brand_settings.router
2026-03-12 15:54:36,045 - main - INFO - Included router: routers.clientes.router
2026-03-12 15:54:36,094 - main - INFO - Included router: routers.closet_cliente.router
2026-03-12 15:54:36,199 - main - INFO - Included router: routers.curated_look_items.router
2026-03-12 15:54:36,342 - main - INFO - Included router: routers.curated_looks.router
2026-03-12 15:54:36,395 - main - INFO - Included router: routers.empresas.router
2026-03-12 15:54:36,397 - main - INFO - Included router: routers.health.router
2026-03-12 15:54:36,419 - main - INFO - Included router: routers.import_router.router
2026-03-12 15:54:36,466 - main - INFO - Included router: routers.itens_pedido.router
2026-03-12 15:54:36,512 - main - INFO - Included router: routers.outfit_recommendations.router
2026-03-12 15:54:36,555 - main - INFO - Included router: routers.pedidos.router
2026-03-12 15:54:36,598 - main - INFO - Included router: routers.products.router
2026-03-12 15:54:36,735 - main - INFO - Included router: routers.produtos_empresa.router
2026-03-12 15:54:36,776 - main - INFO - Included router: routers.purchases.router
2026-03-12 15:54:37,030 - main - INFO - Included router: routers.recommendation_logs.router
2026-03-12 15:54:37,049 - main - INFO - Included router: routers.settings.router
2026-03-12 15:54:37,083 - main - INFO - Included router: routers.storage.router
2026-03-12 15:54:37,140 - main - INFO - Included router: routers.style_preferences.router
2026-03-12 15:54:37,148 - main - INFO - Included router: routers.user.router
2026-03-12 15:54:37,149 - main - INFO - === Application startup initiated ===
2026-03-12 15:54:37,149 - services.database - DEBUG - [DB_OP] Starting database initialization
2026-03-12 15:54:37,149 - services.database - INFO - 🔧 Starting database initialization...
2026-03-12 15:54:37,149 - core.database - INFO - Starting database initialization...
2026-03-12 15:54:37,150 - core.config - DEBUG - Read dynamic attribute database_url from environment variable DATABASE_URL
2026-03-12 15:54:37,150 - core.database - INFO - Normalizing database URL for async compatibility...
2026-03-12 15:54:37,150 - core.database - INFO - Creating async database engine...
2026-03-12 15:54:37,151 - core.database - INFO - Using QueuePool with connection pooling for non-Lambda environment
2026-03-12 15:54:37,196 - core.database - INFO - Database engine created successfully
2026-03-12 15:54:37,196 - core.database - INFO - Creating async session maker...
2026-03-12 15:54:37,196 - core.database - INFO - Async session maker created successfully
2026-03-12 15:54:37,196 - core.database - INFO - Database connection initialized successfully
2026-03-12 15:54:37,196 - services.database - INFO - 🔧 Database connection initialized, now creating tables if tables not exist...
2026-03-12 15:54:37,196 - core.database - DEBUG - [DB_OP] Starting create_tables
2026-03-12 15:54:37,196 - core.database - INFO - 🔧 Starting table creation...
2026-03-12 15:54:39,319 - core.database - INFO - Tables initialized successfully
2026-03-12 15:54:39,319 - core.database - DEBUG - [DB_OP] Create tables completed in 2.1229s
2026-03-12 15:54:39,379 - services.database - INFO - 🔧 Table creation completed
2026-03-12 15:54:39,379 - services.database - INFO - Database initialized successfully
2026-03-12 15:54:39,379 - services.database - DEBUG - [DB_OP] Database initialization completed in 2.2301s
2026-03-12 15:54:39,381 - services.mock_data - INFO - Processing mock data file products.json for table products
2026-03-12 15:54:41,328 - services.mock_data - INFO - Table products already has 11 rows; skipping mock insert
2026-03-12 15:54:41,388 - services.database - DEBUG - [DB_OP] Starting database initialization
2026-03-12 15:54:41,388 - services.database - INFO - 🔧 Starting database initialization...
2026-03-12 15:54:41,388 - core.database - INFO - Starting database initialization...
2026-03-12 15:54:41,388 - core.database - INFO - Database already initialized
2026-03-12 15:54:41,388 - services.database - INFO - 🔧 Database connection initialized, now creating tables if tables not exist...
2026-03-12 15:54:41,388 - core.database - DEBUG - [DB_OP] Starting create_tables
2026-03-12 15:54:41,389 - core.database - INFO - Tables already initialized
2026-03-12 15:54:41,389 - services.database - INFO - 🔧 Table creation completed
2026-03-12 15:54:41,389 - services.database - INFO - Database initialized successfully
2026-03-12 15:54:41,389 - services.database - DEBUG - [DB_OP] Database initialization completed in 0.0011s
2026-03-12 15:54:41,389 - core.config - DEBUG - Read dynamic attribute admin_user_id from environment variable ADMIN_USER_ID
2026-03-12 15:54:41,389 - core.config - DEBUG - Read dynamic attribute admin_user_email from environment variable ADMIN_USER_EMAIL
2026-03-12 15:54:41,761 - services.auth - DEBUG - Admin user 1021803 already exists
2026-03-12 15:54:41,820 - main - INFO - === Application startup completed successfully ===
2026-03-12 15:54:50,444 - services.database - DEBUG - [DB_OP] Starting database close
2026-03-12 15:54:50,507 - core.database - INFO - Database connection closed and engine disposed
2026-03-12 15:54:50,508 - services.database - INFO - Database connections closed
2026-03-12 15:54:50,508 - services.database - DEBUG - [DB_OP] Database close completed in 0.0638s
