2026-03-13 07:08:08,355 - main - INFO - === Logging system initialized ===
2026-03-13 07:08:08,355 - main - INFO - Log file: logs/app_20260313_070808.log
2026-03-13 07:08:08,355 - main - INFO - Log level: INFO
2026-03-13 07:08:08,356 - main - INFO - Timestamp: 20260313_070808
2026-03-13 07:08:09,062 - main - INFO - Included router: routers.aihub.router
2026-03-13 07:08:09,082 - main - INFO - Included router: routers.auth.router
2026-03-13 07:08:09,134 - main - INFO - Included router: routers.brand_rules.router
2026-03-13 07:08:09,286 - main - INFO - Included router: routers.brand_settings.router
2026-03-13 07:08:09,356 - main - INFO - Included router: routers.clientes.router
2026-03-13 07:08:09,402 - main - INFO - Included router: routers.closet_cliente.router
2026-03-13 07:08:09,453 - main - INFO - Included router: routers.curated_look_items.router
2026-03-13 07:08:09,512 - main - INFO - Included router: routers.curated_looks.router
2026-03-13 07:08:09,561 - main - INFO - Included router: routers.empresas.router
2026-03-13 07:08:09,600 - main - INFO - Included router: routers.engine.router
2026-03-13 07:08:09,602 - main - INFO - Included router: routers.health.router
2026-03-13 07:08:09,617 - main - INFO - Included router: routers.import_router.router
2026-03-13 07:08:09,664 - main - INFO - Included router: routers.itens_pedido.router
2026-03-13 07:08:09,716 - main - INFO - Included router: routers.outfit_recommendations.router
2026-03-13 07:08:09,762 - main - INFO - Included router: routers.pedidos.router
2026-03-13 07:08:09,781 - main - INFO - Included router: routers.price_router.router
2026-03-13 07:08:09,926 - main - INFO - Included router: routers.products.router
2026-03-13 07:08:09,981 - main - INFO - Included router: routers.produtos_empresa.router
2026-03-13 07:08:10,029 - main - INFO - Included router: routers.purchases.router
2026-03-13 07:08:10,086 - main - INFO - Included router: routers.recommendation_logs.router
2026-03-13 07:08:10,114 - main - INFO - Included router: routers.settings.router
2026-03-13 07:08:10,135 - main - INFO - Included router: routers.stock_router.router
2026-03-13 07:08:10,187 - main - INFO - Included router: routers.storage.router
2026-03-13 07:08:10,235 - main - INFO - Included router: routers.style_preferences.router
2026-03-13 07:08:10,248 - main - INFO - Included router: routers.user.router
2026-03-13 07:08:10,250 - main - INFO - === Application startup initiated ===
2026-03-13 07:08:10,250 - services.database - DEBUG - [DB_OP] Starting database initialization
2026-03-13 07:08:10,250 - services.database - INFO - 🔧 Starting database initialization...
2026-03-13 07:08:10,250 - core.database - INFO - Starting database initialization...
2026-03-13 07:08:10,251 - core.config - DEBUG - Read dynamic attribute database_url from environment variable DATABASE_URL
2026-03-13 07:08:10,251 - core.database - INFO - Normalizing database URL for async compatibility...
2026-03-13 07:08:10,252 - core.database - INFO - Creating async database engine...
2026-03-13 07:08:10,252 - core.database - INFO - Using QueuePool with connection pooling for non-Lambda environment
2026-03-13 07:08:10,307 - core.database - INFO - Database engine created successfully
2026-03-13 07:08:10,307 - core.database - INFO - Creating async session maker...
2026-03-13 07:08:10,307 - core.database - INFO - Async session maker created successfully
2026-03-13 07:08:10,307 - core.database - INFO - Database connection initialized successfully
2026-03-13 07:08:10,307 - services.database - INFO - 🔧 Database connection initialized, now creating tables if tables not exist...
2026-03-13 07:08:10,307 - core.database - DEBUG - [DB_OP] Starting create_tables
2026-03-13 07:08:10,307 - core.database - INFO - 🔧 Starting table creation...
2026-03-13 07:08:12,583 - core.database - INFO - Tables initialized successfully
2026-03-13 07:08:12,583 - core.database - DEBUG - [DB_OP] Create tables completed in 2.2759s
2026-03-13 07:08:12,646 - services.database - INFO - 🔧 Table creation completed
2026-03-13 07:08:12,646 - services.database - INFO - Database initialized successfully
2026-03-13 07:08:12,647 - services.database - DEBUG - [DB_OP] Database initialization completed in 2.3967s
2026-03-13 07:08:12,648 - services.mock_data - INFO - Processing mock data file products.json for table products
2026-03-13 07:08:14,724 - services.mock_data - INFO - Table products already has 11 rows; skipping mock insert
2026-03-13 07:08:14,787 - services.database - DEBUG - [DB_OP] Starting database initialization
2026-03-13 07:08:14,787 - services.database - INFO - 🔧 Starting database initialization...
2026-03-13 07:08:14,788 - core.database - INFO - Starting database initialization...
2026-03-13 07:08:14,788 - core.database - INFO - Database already initialized
2026-03-13 07:08:14,792 - services.database - INFO - 🔧 Database connection initialized, now creating tables if tables not exist...
2026-03-13 07:08:14,792 - core.database - DEBUG - [DB_OP] Starting create_tables
2026-03-13 07:08:14,793 - core.database - INFO - Tables already initialized
2026-03-13 07:08:14,793 - services.database - INFO - 🔧 Table creation completed
2026-03-13 07:08:14,794 - services.database - INFO - Database initialized successfully
2026-03-13 07:08:14,794 - services.database - DEBUG - [DB_OP] Database initialization completed in 0.0070s
2026-03-13 07:08:14,795 - core.config - DEBUG - Read dynamic attribute admin_user_id from environment variable ADMIN_USER_ID
2026-03-13 07:08:14,795 - core.config - DEBUG - Read dynamic attribute admin_user_email from environment variable ADMIN_USER_EMAIL
2026-03-13 07:08:15,187 - services.auth - DEBUG - Admin user 1021803 already exists
2026-03-13 07:08:15,250 - main - INFO - === Application startup completed successfully ===
2026-03-13 07:08:15,352 - services.database - DEBUG - [DB_OP] Starting database close
2026-03-13 07:08:15,419 - core.database - INFO - Database connection closed and engine disposed
2026-03-13 07:08:15,419 - services.database - INFO - Database connections closed
2026-03-13 07:08:15,419 - services.database - DEBUG - [DB_OP] Database close completed in 0.0669s
