2026-03-13 06:25:36,408 - main - INFO - === Logging system initialized ===
2026-03-13 06:25:36,408 - main - INFO - Log file: logs/app_20260313_062536.log
2026-03-13 06:25:36,409 - main - INFO - Log level: INFO
2026-03-13 06:25:36,409 - main - INFO - Timestamp: 20260313_062536
2026-03-13 06:25:37,230 - main - INFO - Included router: routers.aihub.router
2026-03-13 06:25:37,255 - main - INFO - Included router: routers.auth.router
2026-03-13 06:25:37,308 - main - INFO - Included router: routers.brand_rules.router
2026-03-13 06:25:37,501 - main - INFO - Included router: routers.brand_settings.router
2026-03-13 06:25:37,566 - main - INFO - Included router: routers.clientes.router
2026-03-13 06:25:37,616 - main - INFO - Included router: routers.closet_cliente.router
2026-03-13 06:25:37,678 - main - INFO - Included router: routers.curated_look_items.router
2026-03-13 06:25:37,731 - main - INFO - Included router: routers.curated_looks.router
2026-03-13 06:25:37,784 - main - INFO - Included router: routers.empresas.router
2026-03-13 06:25:37,831 - main - INFO - Included router: routers.engine.router
2026-03-13 06:25:37,836 - main - INFO - Included router: routers.health.router
2026-03-13 06:25:37,856 - main - INFO - Included router: routers.import_router.router
2026-03-13 06:25:37,909 - main - INFO - Included router: routers.itens_pedido.router
2026-03-13 06:25:37,963 - main - INFO - Included router: routers.outfit_recommendations.router
2026-03-13 06:25:38,009 - main - INFO - Included router: routers.pedidos.router
2026-03-13 06:25:38,063 - main - INFO - Included router: routers.products.router
2026-03-13 06:25:38,219 - main - INFO - Included router: routers.produtos_empresa.router
2026-03-13 06:25:38,266 - main - INFO - Included router: routers.purchases.router
2026-03-13 06:25:38,315 - main - INFO - Included router: routers.recommendation_logs.router
2026-03-13 06:25:38,340 - main - INFO - Included router: routers.settings.router
2026-03-13 06:25:38,416 - main - INFO - Included router: routers.storage.router
2026-03-13 06:25:38,478 - main - INFO - Included router: routers.style_preferences.router
2026-03-13 06:25:38,489 - main - INFO - Included router: routers.user.router
2026-03-13 06:25:38,491 - main - INFO - === Application startup initiated ===
2026-03-13 06:25:38,491 - services.database - DEBUG - [DB_OP] Starting database initialization
2026-03-13 06:25:38,491 - services.database - INFO - 🔧 Starting database initialization...
2026-03-13 06:25:38,491 - core.database - INFO - Starting database initialization...
2026-03-13 06:25:38,491 - core.config - DEBUG - Read dynamic attribute database_url from environment variable DATABASE_URL
2026-03-13 06:25:38,491 - core.database - INFO - Normalizing database URL for async compatibility...
2026-03-13 06:25:38,492 - core.database - INFO - Creating async database engine...
2026-03-13 06:25:38,492 - core.database - INFO - Using QueuePool with connection pooling for non-Lambda environment
2026-03-13 06:25:38,543 - core.database - INFO - Database engine created successfully
2026-03-13 06:25:38,543 - core.database - INFO - Creating async session maker...
2026-03-13 06:25:38,543 - core.database - INFO - Async session maker created successfully
2026-03-13 06:25:38,543 - core.database - INFO - Database connection initialized successfully
2026-03-13 06:25:38,543 - services.database - INFO - 🔧 Database connection initialized, now creating tables if tables not exist...
2026-03-13 06:25:38,543 - core.database - DEBUG - [DB_OP] Starting create_tables
2026-03-13 06:25:38,544 - core.database - INFO - 🔧 Starting table creation...
2026-03-13 06:25:40,635 - core.database - INFO - Tables initialized successfully
2026-03-13 06:25:40,636 - core.database - DEBUG - [DB_OP] Create tables completed in 2.0921s
2026-03-13 06:25:40,694 - services.database - INFO - 🔧 Table creation completed
2026-03-13 06:25:40,695 - services.database - INFO - Database initialized successfully
2026-03-13 06:25:40,695 - services.database - DEBUG - [DB_OP] Database initialization completed in 2.2041s
2026-03-13 06:25:40,707 - services.mock_data - INFO - Processing mock data file products.json for table products
2026-03-13 06:25:42,637 - services.mock_data - INFO - Table products already has 11 rows; skipping mock insert
2026-03-13 06:25:42,696 - services.database - DEBUG - [DB_OP] Starting database initialization
2026-03-13 06:25:42,696 - services.database - INFO - 🔧 Starting database initialization...
2026-03-13 06:25:42,696 - core.database - INFO - Starting database initialization...
2026-03-13 06:25:42,697 - core.database - INFO - Database already initialized
2026-03-13 06:25:42,697 - services.database - INFO - 🔧 Database connection initialized, now creating tables if tables not exist...
2026-03-13 06:25:42,697 - core.database - DEBUG - [DB_OP] Starting create_tables
2026-03-13 06:25:42,697 - core.database - INFO - Tables already initialized
2026-03-13 06:25:42,697 - services.database - INFO - 🔧 Table creation completed
2026-03-13 06:25:42,697 - services.database - INFO - Database initialized successfully
2026-03-13 06:25:42,698 - services.database - DEBUG - [DB_OP] Database initialization completed in 0.0015s
2026-03-13 06:25:42,698 - core.config - DEBUG - Read dynamic attribute admin_user_id from environment variable ADMIN_USER_ID
2026-03-13 06:25:42,698 - core.config - DEBUG - Read dynamic attribute admin_user_email from environment variable ADMIN_USER_EMAIL
2026-03-13 06:25:43,061 - services.auth - DEBUG - Admin user 1021803 already exists
2026-03-13 06:25:43,119 - main - INFO - === Application startup completed successfully ===
2026-03-13 06:25:53,746 - services.database - DEBUG - [DB_OP] Starting database close
2026-03-13 06:25:53,807 - core.database - INFO - Database connection closed and engine disposed
2026-03-13 06:25:53,807 - services.database - INFO - Database connections closed
2026-03-13 06:25:53,808 - services.database - DEBUG - [DB_OP] Database close completed in 0.0614s
