2026-03-13 07:04:38,054 - main - INFO - === Logging system initialized ===
2026-03-13 07:04:38,054 - main - INFO - Log file: logs/app_20260313_070438.log
2026-03-13 07:04:38,055 - main - INFO - Log level: INFO
2026-03-13 07:04:38,055 - main - INFO - Timestamp: 20260313_070438
2026-03-13 07:04:38,879 - main - INFO - Included router: routers.aihub.router
2026-03-13 07:04:38,902 - main - INFO - Included router: routers.auth.router
2026-03-13 07:04:38,956 - main - INFO - Included router: routers.brand_rules.router
2026-03-13 07:04:39,146 - main - INFO - Included router: routers.brand_settings.router
2026-03-13 07:04:39,233 - main - INFO - Included router: routers.clientes.router
2026-03-13 07:04:39,294 - main - INFO - Included router: routers.closet_cliente.router
2026-03-13 07:04:39,341 - main - INFO - Included router: routers.curated_look_items.router
2026-03-13 07:04:39,394 - main - INFO - Included router: routers.curated_looks.router
2026-03-13 07:04:39,449 - main - INFO - Included router: routers.empresas.router
2026-03-13 07:04:39,491 - main - INFO - Included router: routers.engine.router
2026-03-13 07:04:39,494 - main - INFO - Included router: routers.health.router
2026-03-13 07:04:39,509 - main - INFO - Included router: routers.import_router.router
2026-03-13 07:04:39,552 - main - INFO - Included router: routers.itens_pedido.router
2026-03-13 07:04:39,610 - main - INFO - Included router: routers.outfit_recommendations.router
2026-03-13 07:04:39,660 - main - INFO - Included router: routers.pedidos.router
2026-03-13 07:04:39,677 - main - INFO - Included router: routers.price_router.router
2026-03-13 07:04:39,829 - main - INFO - Included router: routers.products.router
2026-03-13 07:04:39,886 - main - INFO - Included router: routers.produtos_empresa.router
2026-03-13 07:04:39,931 - main - INFO - Included router: routers.purchases.router
2026-03-13 07:04:39,983 - main - INFO - Included router: routers.recommendation_logs.router
2026-03-13 07:04:40,003 - main - INFO - Included router: routers.settings.router
2026-03-13 07:04:40,057 - main - INFO - Included router: routers.stock_router.router
2026-03-13 07:04:40,097 - main - INFO - Included router: routers.storage.router
2026-03-13 07:04:40,148 - main - INFO - Included router: routers.style_preferences.router
2026-03-13 07:04:40,157 - main - INFO - Included router: routers.user.router
2026-03-13 07:04:40,158 - main - INFO - === Application startup initiated ===
2026-03-13 07:04:40,158 - services.database - DEBUG - [DB_OP] Starting database initialization
2026-03-13 07:04:40,159 - services.database - INFO - 🔧 Starting database initialization...
2026-03-13 07:04:40,159 - core.database - INFO - Starting database initialization...
2026-03-13 07:04:40,159 - core.config - DEBUG - Read dynamic attribute database_url from environment variable DATABASE_URL
2026-03-13 07:04:40,159 - core.database - INFO - Normalizing database URL for async compatibility...
2026-03-13 07:04:40,160 - core.database - INFO - Creating async database engine...
2026-03-13 07:04:40,160 - core.database - INFO - Using QueuePool with connection pooling for non-Lambda environment
2026-03-13 07:04:40,209 - core.database - INFO - Database engine created successfully
2026-03-13 07:04:40,210 - core.database - INFO - Creating async session maker...
2026-03-13 07:04:40,210 - core.database - INFO - Async session maker created successfully
2026-03-13 07:04:40,210 - core.database - INFO - Database connection initialized successfully
2026-03-13 07:04:40,210 - services.database - INFO - 🔧 Database connection initialized, now creating tables if tables not exist...
2026-03-13 07:04:40,210 - core.database - DEBUG - [DB_OP] Starting create_tables
2026-03-13 07:04:40,210 - core.database - INFO - 🔧 Starting table creation...
2026-03-13 07:04:42,426 - core.database - INFO - Tables initialized successfully
2026-03-13 07:04:42,426 - core.database - DEBUG - [DB_OP] Create tables completed in 2.2157s
2026-03-13 07:04:42,488 - services.database - INFO - 🔧 Table creation completed
2026-03-13 07:04:42,488 - services.database - INFO - Database initialized successfully
2026-03-13 07:04:42,489 - services.database - DEBUG - [DB_OP] Database initialization completed in 2.3303s
2026-03-13 07:04:42,491 - services.mock_data - INFO - Processing mock data file products.json for table products
2026-03-13 07:04:44,527 - services.mock_data - INFO - Table products already has 11 rows; skipping mock insert
2026-03-13 07:04:44,590 - services.database - DEBUG - [DB_OP] Starting database initialization
2026-03-13 07:04:44,590 - services.database - INFO - 🔧 Starting database initialization...
2026-03-13 07:04:44,591 - core.database - INFO - Starting database initialization...
2026-03-13 07:04:44,591 - core.database - INFO - Database already initialized
2026-03-13 07:04:44,591 - services.database - INFO - 🔧 Database connection initialized, now creating tables if tables not exist...
2026-03-13 07:04:44,592 - core.database - DEBUG - [DB_OP] Starting create_tables
2026-03-13 07:04:44,592 - core.database - INFO - Tables already initialized
2026-03-13 07:04:44,592 - services.database - INFO - 🔧 Table creation completed
2026-03-13 07:04:44,592 - services.database - INFO - Database initialized successfully
2026-03-13 07:04:44,592 - services.database - DEBUG - [DB_OP] Database initialization completed in 0.0024s
2026-03-13 07:04:44,592 - core.config - DEBUG - Read dynamic attribute admin_user_id from environment variable ADMIN_USER_ID
2026-03-13 07:04:44,593 - core.config - DEBUG - Read dynamic attribute admin_user_email from environment variable ADMIN_USER_EMAIL
2026-03-13 07:04:44,979 - services.auth - DEBUG - Admin user 1021803 already exists
2026-03-13 07:04:45,042 - main - INFO - === Application startup completed successfully ===
2026-03-13 07:04:45,144 - services.database - DEBUG - [DB_OP] Starting database close
2026-03-13 07:04:45,209 - core.database - INFO - Database connection closed and engine disposed
2026-03-13 07:04:45,209 - services.database - INFO - Database connections closed
2026-03-13 07:04:45,209 - services.database - DEBUG - [DB_OP] Database close completed in 0.0653s
