2026-03-13 06:31:36,924 - main - INFO - === Logging system initialized ===
2026-03-13 06:31:36,925 - main - INFO - Log file: logs/app_20260313_063136.log
2026-03-13 06:31:36,925 - main - INFO - Log level: INFO
2026-03-13 06:31:36,925 - main - INFO - Timestamp: 20260313_063136
2026-03-13 06:31:37,717 - main - INFO - Included router: routers.aihub.router
2026-03-13 06:31:37,739 - main - INFO - Included router: routers.auth.router
2026-03-13 06:31:37,794 - main - INFO - Included router: routers.brand_rules.router
2026-03-13 06:31:37,905 - main - INFO - Included router: routers.brand_settings.router
2026-03-13 06:31:37,957 - main - INFO - Included router: routers.clientes.router
2026-03-13 06:31:38,001 - main - INFO - Included router: routers.closet_cliente.router
2026-03-13 06:31:38,047 - main - INFO - Included router: routers.curated_look_items.router
2026-03-13 06:31:38,105 - main - INFO - Included router: routers.curated_looks.router
2026-03-13 06:31:38,167 - main - INFO - Included router: routers.empresas.router
2026-03-13 06:31:38,212 - main - INFO - Included router: routers.engine.router
2026-03-13 06:31:38,215 - main - INFO - Included router: routers.health.router
2026-03-13 06:31:38,228 - main - INFO - Included router: routers.import_router.router
2026-03-13 06:31:38,276 - main - INFO - Included router: routers.itens_pedido.router
2026-03-13 06:31:38,322 - main - INFO - Included router: routers.outfit_recommendations.router
2026-03-13 06:31:38,368 - main - INFO - Included router: routers.pedidos.router
2026-03-13 06:31:38,395 - main - INFO - Included router: routers.price_router.router
2026-03-13 06:31:38,598 - main - INFO - Included router: routers.products.router
2026-03-13 06:31:38,653 - main - INFO - Included router: routers.produtos_empresa.router
2026-03-13 06:31:38,702 - main - INFO - Included router: routers.purchases.router
2026-03-13 06:31:38,750 - main - INFO - Included router: routers.recommendation_logs.router
2026-03-13 06:31:38,776 - main - INFO - Included router: routers.settings.router
2026-03-13 06:31:38,790 - main - INFO - Included router: routers.stock_router.router
2026-03-13 06:31:38,826 - main - INFO - Included router: routers.storage.router
2026-03-13 06:31:38,873 - main - INFO - Included router: routers.style_preferences.router
2026-03-13 06:31:38,881 - main - INFO - Included router: routers.user.router
2026-03-13 06:31:38,883 - main - INFO - === Application startup initiated ===
2026-03-13 06:31:38,883 - services.database - DEBUG - [DB_OP] Starting database initialization
2026-03-13 06:31:38,883 - services.database - INFO - 🔧 Starting database initialization...
2026-03-13 06:31:38,883 - core.database - INFO - Starting database initialization...
2026-03-13 06:31:38,883 - core.config - DEBUG - Read dynamic attribute database_url from environment variable DATABASE_URL
2026-03-13 06:31:38,883 - core.database - INFO - Normalizing database URL for async compatibility...
2026-03-13 06:31:38,885 - core.database - INFO - Creating async database engine...
2026-03-13 06:31:38,885 - core.database - INFO - Using QueuePool with connection pooling for non-Lambda environment
2026-03-13 06:31:38,931 - core.database - INFO - Database engine created successfully
2026-03-13 06:31:38,932 - core.database - INFO - Creating async session maker...
2026-03-13 06:31:38,932 - core.database - INFO - Async session maker created successfully
2026-03-13 06:31:38,932 - core.database - INFO - Database connection initialized successfully
2026-03-13 06:31:38,932 - services.database - INFO - 🔧 Database connection initialized, now creating tables if tables not exist...
2026-03-13 06:31:38,932 - core.database - DEBUG - [DB_OP] Starting create_tables
2026-03-13 06:31:38,932 - core.database - INFO - 🔧 Starting table creation...
2026-03-13 06:31:41,040 - core.database - INFO - Tables initialized successfully
2026-03-13 06:31:41,041 - core.database - DEBUG - [DB_OP] Create tables completed in 2.1086s
2026-03-13 06:31:41,099 - services.database - INFO - 🔧 Table creation completed
2026-03-13 06:31:41,099 - services.database - INFO - Database initialized successfully
2026-03-13 06:31:41,100 - services.database - DEBUG - [DB_OP] Database initialization completed in 2.2167s
2026-03-13 06:31:41,100 - services.mock_data - INFO - Processing mock data file products.json for table products
2026-03-13 06:31:43,020 - services.mock_data - INFO - Table products already has 11 rows; skipping mock insert
2026-03-13 06:31:43,078 - services.database - DEBUG - [DB_OP] Starting database initialization
2026-03-13 06:31:43,079 - services.database - INFO - 🔧 Starting database initialization...
2026-03-13 06:31:43,079 - core.database - INFO - Starting database initialization...
2026-03-13 06:31:43,079 - core.database - INFO - Database already initialized
2026-03-13 06:31:43,079 - services.database - INFO - 🔧 Database connection initialized, now creating tables if tables not exist...
2026-03-13 06:31:43,079 - core.database - DEBUG - [DB_OP] Starting create_tables
2026-03-13 06:31:43,079 - core.database - INFO - Tables already initialized
2026-03-13 06:31:43,079 - services.database - INFO - 🔧 Table creation completed
2026-03-13 06:31:43,079 - services.database - INFO - Database initialized successfully
2026-03-13 06:31:43,079 - services.database - DEBUG - [DB_OP] Database initialization completed in 0.0012s
2026-03-13 06:31:43,079 - core.config - DEBUG - Read dynamic attribute admin_user_id from environment variable ADMIN_USER_ID
2026-03-13 06:31:43,080 - core.config - DEBUG - Read dynamic attribute admin_user_email from environment variable ADMIN_USER_EMAIL
2026-03-13 06:31:43,446 - services.auth - DEBUG - Admin user 1021803 already exists
2026-03-13 06:31:43,505 - main - INFO - === Application startup completed successfully ===
2026-03-13 06:31:55,566 - core.config - DEBUG - Read dynamic attribute jwt_secret_key from environment variable JWT_SECRET_KEY
2026-03-13 06:31:55,566 - core.config - DEBUG - Read dynamic attribute jwt_algorithm from environment variable JWT_ALGORITHM
2026-03-13 06:31:55,574 - core.auth - DEBUG - Authentication token validated for user hash: 3e1bb2c4
2026-03-13 06:34:08,782 - core.auth - DEBUG - Authentication token validated for user hash: 3e1bb2c4
2026-03-13 06:38:24,487 - core.auth - DEBUG - Authentication token validated for user hash: 3e1bb2c4
2026-03-13 06:42:16,332 - services.database - DEBUG - [DB_OP] Starting database close
2026-03-13 06:42:16,333 - core.database - INFO - Database connection closed and engine disposed
2026-03-13 06:42:16,333 - services.database - INFO - Database connections closed
2026-03-13 06:42:16,333 - services.database - DEBUG - [DB_OP] Database close completed in 0.0015s
