2026-03-12 15:58:27,113 - main - INFO - === Logging system initialized ===
2026-03-12 15:58:27,113 - main - INFO - Log file: logs/app_20260312_155827.log
2026-03-12 15:58:27,114 - main - INFO - Log level: INFO
2026-03-12 15:58:27,114 - main - INFO - Timestamp: 20260312_155827
2026-03-12 15:58:27,912 - main - INFO - Included router: routers.aihub.router
2026-03-12 15:58:27,934 - main - INFO - Included router: routers.auth.router
2026-03-12 15:58:27,986 - main - INFO - Included router: routers.brand_rules.router
2026-03-12 15:58:28,165 - main - INFO - Included router: routers.brand_settings.router
2026-03-12 15:58:28,345 - main - INFO - Included router: routers.clientes.router
2026-03-12 15:58:28,441 - main - INFO - Included router: routers.closet_cliente.router
2026-03-12 15:58:28,536 - main - INFO - Included router: routers.curated_look_items.router
2026-03-12 15:58:28,595 - main - INFO - Included router: routers.curated_looks.router
2026-03-12 15:58:28,673 - main - INFO - Included router: routers.empresas.router
2026-03-12 15:58:28,842 - main - INFO - Included router: routers.engine.router
2026-03-12 15:58:28,845 - main - INFO - Included router: routers.health.router
2026-03-12 15:58:28,856 - main - INFO - Included router: routers.import_router.router
2026-03-12 15:58:28,956 - main - INFO - Included router: routers.itens_pedido.router
2026-03-12 15:58:29,240 - main - INFO - Included router: routers.outfit_recommendations.router
2026-03-12 15:58:29,287 - main - INFO - Included router: routers.pedidos.router
2026-03-12 15:58:29,377 - main - INFO - Included router: routers.products.router
2026-03-12 15:58:29,638 - main - INFO - Included router: routers.produtos_empresa.router
2026-03-12 15:58:29,751 - main - INFO - Included router: routers.purchases.router
2026-03-12 15:58:29,859 - main - INFO - Included router: routers.recommendation_logs.router
2026-03-12 15:58:29,943 - main - INFO - Included router: routers.settings.router
2026-03-12 15:58:30,035 - main - INFO - Included router: routers.storage.router
2026-03-12 15:58:30,085 - main - INFO - Included router: routers.style_preferences.router
2026-03-12 15:58:30,103 - main - INFO - Included router: routers.user.router
2026-03-12 15:58:30,132 - main - INFO - === Application startup initiated ===
2026-03-12 15:58:30,133 - services.database - DEBUG - [DB_OP] Starting database initialization
2026-03-12 15:58:30,133 - services.database - INFO - 🔧 Starting database initialization...
2026-03-12 15:58:30,133 - core.database - INFO - Starting database initialization...
2026-03-12 15:58:30,133 - core.config - DEBUG - Read dynamic attribute database_url from environment variable DATABASE_URL
2026-03-12 15:58:30,134 - core.database - INFO - Normalizing database URL for async compatibility...
2026-03-12 15:58:30,135 - core.database - INFO - Creating async database engine...
2026-03-12 15:58:30,135 - core.database - INFO - Using QueuePool with connection pooling for non-Lambda environment
2026-03-12 15:58:30,188 - core.database - INFO - Database engine created successfully
2026-03-12 15:58:30,188 - core.database - INFO - Creating async session maker...
2026-03-12 15:58:30,188 - core.database - INFO - Async session maker created successfully
2026-03-12 15:58:30,188 - core.database - INFO - Database connection initialized successfully
2026-03-12 15:58:30,189 - services.database - INFO - 🔧 Database connection initialized, now creating tables if tables not exist...
2026-03-12 15:58:30,189 - core.database - DEBUG - [DB_OP] Starting create_tables
2026-03-12 15:58:30,189 - core.database - INFO - 🔧 Starting table creation...
2026-03-12 15:58:32,300 - core.database - INFO - Tables initialized successfully
2026-03-12 15:58:32,301 - core.database - DEBUG - [DB_OP] Create tables completed in 2.1120s
2026-03-12 15:58:32,360 - services.database - INFO - 🔧 Table creation completed
2026-03-12 15:58:32,360 - services.database - INFO - Database initialized successfully
2026-03-12 15:58:32,361 - services.database - DEBUG - [DB_OP] Database initialization completed in 2.2277s
2026-03-12 15:58:32,361 - services.mock_data - INFO - Processing mock data file products.json for table products
2026-03-12 15:58:34,298 - services.mock_data - INFO - Table products already has 11 rows; skipping mock insert
2026-03-12 15:58:34,358 - services.database - DEBUG - [DB_OP] Starting database initialization
2026-03-12 15:58:34,358 - services.database - INFO - 🔧 Starting database initialization...
2026-03-12 15:58:34,359 - core.database - INFO - Starting database initialization...
2026-03-12 15:58:34,359 - core.database - INFO - Database already initialized
2026-03-12 15:58:34,359 - services.database - INFO - 🔧 Database connection initialized, now creating tables if tables not exist...
2026-03-12 15:58:34,359 - core.database - DEBUG - [DB_OP] Starting create_tables
2026-03-12 15:58:34,359 - core.database - INFO - Tables already initialized
2026-03-12 15:58:34,359 - services.database - INFO - 🔧 Table creation completed
2026-03-12 15:58:34,359 - services.database - INFO - Database initialized successfully
2026-03-12 15:58:34,359 - services.database - DEBUG - [DB_OP] Database initialization completed in 0.0020s
2026-03-12 15:58:34,360 - core.config - DEBUG - Read dynamic attribute admin_user_id from environment variable ADMIN_USER_ID
2026-03-12 15:58:34,360 - core.config - DEBUG - Read dynamic attribute admin_user_email from environment variable ADMIN_USER_EMAIL
2026-03-12 15:58:34,724 - services.auth - DEBUG - Admin user 1021803 already exists
2026-03-12 15:58:34,783 - main - INFO - === Application startup completed successfully ===
2026-03-12 15:58:52,993 - dependencies.auth - DEBUG - Authentication required for request GET /api/v1/auth/me
2026-03-12 16:00:02,706 - dependencies.auth - DEBUG - Authentication required for request GET /api/v1/auth/me
2026-03-12 16:00:05,593 - core.config - DEBUG - Read dynamic attribute jwt_secret_key from environment variable JWT_SECRET_KEY
2026-03-12 16:00:05,593 - core.config - DEBUG - Read dynamic attribute jwt_algorithm from environment variable JWT_ALGORITHM
2026-03-12 16:00:05,619 - core.auth - DEBUG - Authentication token validated for user hash: 3e1bb2c4
2026-03-12 16:00:22,550 - services.database - DEBUG - [DB_OP] Starting database close
2026-03-12 16:00:22,613 - core.database - INFO - Database connection closed and engine disposed
2026-03-12 16:00:22,613 - services.database - INFO - Database connections closed
2026-03-12 16:00:22,613 - services.database - DEBUG - [DB_OP] Database close completed in 0.0633s
