2026-03-12 15:30:33,053 - main - INFO - === Logging system initialized ===
2026-03-12 15:30:33,053 - main - INFO - Log file: logs/app_20260312_153033.log
2026-03-12 15:30:33,053 - main - INFO - Log level: INFO
2026-03-12 15:30:33,053 - main - INFO - Timestamp: 20260312_153033
2026-03-12 15:30:33,722 - main - INFO - Included router: routers.aihub.router
2026-03-12 15:30:33,744 - main - INFO - Included router: routers.auth.router
2026-03-12 15:30:33,810 - main - INFO - Included router: routers.clientes.router
2026-03-12 15:30:33,933 - main - INFO - Included router: routers.closet_cliente.router
2026-03-12 15:30:33,984 - main - INFO - Included router: routers.empresas.router
2026-03-12 15:30:33,985 - main - INFO - Included router: routers.health.router
2026-03-12 15:30:34,012 - main - INFO - Included router: routers.import_router.router
2026-03-12 15:30:34,054 - main - INFO - Included router: routers.itens_pedido.router
2026-03-12 15:30:34,099 - main - INFO - Included router: routers.outfit_recommendations.router
2026-03-12 15:30:34,142 - main - INFO - Included router: routers.pedidos.router
2026-03-12 15:30:34,194 - main - INFO - Included router: routers.products.router
2026-03-12 15:30:34,251 - main - INFO - Included router: routers.produtos_empresa.router
2026-03-12 15:30:34,291 - main - INFO - Included router: routers.purchases.router
2026-03-12 15:30:34,311 - main - INFO - Included router: routers.settings.router
2026-03-12 15:30:34,350 - main - INFO - Included router: routers.storage.router
2026-03-12 15:30:34,398 - main - INFO - Included router: routers.style_preferences.router
2026-03-12 15:30:34,408 - main - INFO - Included router: routers.user.router
2026-03-12 15:30:34,409 - main - INFO - === Application startup initiated ===
2026-03-12 15:30:34,409 - services.database - DEBUG - [DB_OP] Starting database initialization
2026-03-12 15:30:34,409 - services.database - INFO - 🔧 Starting database initialization...
2026-03-12 15:30:34,410 - core.database - INFO - Starting database initialization...
2026-03-12 15:30:34,410 - core.config - DEBUG - Read dynamic attribute database_url from environment variable DATABASE_URL
2026-03-12 15:30:34,410 - core.database - INFO - Normalizing database URL for async compatibility...
2026-03-12 15:30:34,412 - core.database - INFO - Creating async database engine...
2026-03-12 15:30:34,412 - core.database - INFO - Using QueuePool with connection pooling for non-Lambda environment
2026-03-12 15:30:34,581 - core.database - INFO - Database engine created successfully
2026-03-12 15:30:34,581 - core.database - INFO - Creating async session maker...
2026-03-12 15:30:34,582 - core.database - INFO - Async session maker created successfully
2026-03-12 15:30:34,582 - core.database - INFO - Database connection initialized successfully
2026-03-12 15:30:34,582 - services.database - INFO - 🔧 Database connection initialized, now creating tables if tables not exist...
2026-03-12 15:30:34,582 - core.database - DEBUG - [DB_OP] Starting create_tables
2026-03-12 15:30:34,582 - core.database - INFO - 🔧 Starting table creation...
2026-03-12 15:30:36,385 - core.database - INFO - Tables initialized successfully
2026-03-12 15:30:36,385 - core.database - DEBUG - [DB_OP] Create tables completed in 1.8035s
2026-03-12 15:30:36,449 - services.database - INFO - 🔧 Table creation completed
2026-03-12 15:30:36,450 - services.database - INFO - Database initialized successfully
2026-03-12 15:30:36,450 - services.database - DEBUG - [DB_OP] Database initialization completed in 2.0403s
2026-03-12 15:30:36,451 - services.mock_data - INFO - Processing mock data file products.json for table products
2026-03-12 15:30:38,366 - services.mock_data - INFO - Table products already has 11 rows; skipping mock insert
2026-03-12 15:30:38,426 - services.database - DEBUG - [DB_OP] Starting database initialization
2026-03-12 15:30:38,426 - services.database - INFO - 🔧 Starting database initialization...
2026-03-12 15:30:38,426 - core.database - INFO - Starting database initialization...
2026-03-12 15:30:38,426 - core.database - INFO - Database already initialized
2026-03-12 15:30:38,427 - services.database - INFO - 🔧 Database connection initialized, now creating tables if tables not exist...
2026-03-12 15:30:38,427 - core.database - DEBUG - [DB_OP] Starting create_tables
2026-03-12 15:30:38,427 - core.database - INFO - Tables already initialized
2026-03-12 15:30:38,427 - services.database - INFO - 🔧 Table creation completed
2026-03-12 15:30:38,427 - services.database - INFO - Database initialized successfully
2026-03-12 15:30:38,427 - services.database - DEBUG - [DB_OP] Database initialization completed in 0.0014s
2026-03-12 15:30:38,427 - core.config - DEBUG - Read dynamic attribute admin_user_id from environment variable ADMIN_USER_ID
2026-03-12 15:30:38,427 - core.config - DEBUG - Read dynamic attribute admin_user_email from environment variable ADMIN_USER_EMAIL
2026-03-12 15:30:38,787 - services.auth - DEBUG - Admin user 1021803 already exists
2026-03-12 15:30:38,846 - main - INFO - === Application startup completed successfully ===
2026-03-12 15:30:39,350 - services.database - DEBUG - [DB_OP] Starting database close
2026-03-12 15:30:39,412 - core.database - INFO - Database connection closed and engine disposed
2026-03-12 15:30:39,412 - services.database - INFO - Database connections closed
2026-03-12 15:30:39,412 - services.database - DEBUG - [DB_OP] Database close completed in 0.0616s
