2026-03-12 16:00:56,598 - main - INFO - === Logging system initialized ===
2026-03-12 16:00:56,598 - main - INFO - Log file: logs/app_20260312_160056.log
2026-03-12 16:00:56,599 - main - INFO - Log level: INFO
2026-03-12 16:00:56,599 - main - INFO - Timestamp: 20260312_160056
2026-03-12 16:00:57,197 - main - INFO - Included router: routers.aihub.router
2026-03-12 16:00:57,213 - main - INFO - Included router: routers.auth.router
2026-03-12 16:00:57,264 - main - INFO - Included router: routers.brand_rules.router
2026-03-12 16:00:57,411 - main - INFO - Included router: routers.brand_settings.router
2026-03-12 16:00:57,469 - main - INFO - Included router: routers.clientes.router
2026-03-12 16:00:57,514 - main - INFO - Included router: routers.closet_cliente.router
2026-03-12 16:00:57,558 - main - INFO - Included router: routers.curated_look_items.router
2026-03-12 16:00:57,608 - main - INFO - Included router: routers.curated_looks.router
2026-03-12 16:00:57,655 - main - INFO - Included router: routers.empresas.router
2026-03-12 16:00:57,692 - main - INFO - Included router: routers.engine.router
2026-03-12 16:00:57,695 - main - INFO - Included router: routers.health.router
2026-03-12 16:00:57,706 - main - INFO - Included router: routers.import_router.router
2026-03-12 16:00:57,748 - main - INFO - Included router: routers.itens_pedido.router
2026-03-12 16:00:57,790 - main - INFO - Included router: routers.outfit_recommendations.router
2026-03-12 16:00:57,832 - main - INFO - Included router: routers.pedidos.router
2026-03-12 16:00:57,871 - main - INFO - Included router: routers.products.router
2026-03-12 16:00:58,044 - main - INFO - Included router: routers.produtos_empresa.router
2026-03-12 16:00:58,083 - main - INFO - Included router: routers.purchases.router
2026-03-12 16:00:58,129 - main - INFO - Included router: routers.recommendation_logs.router
2026-03-12 16:00:58,148 - main - INFO - Included router: routers.settings.router
2026-03-12 16:00:58,179 - main - INFO - Included router: routers.storage.router
2026-03-12 16:00:58,220 - main - INFO - Included router: routers.style_preferences.router
2026-03-12 16:00:58,229 - main - INFO - Included router: routers.user.router
2026-03-12 16:00:58,230 - main - INFO - === Application startup initiated ===
2026-03-12 16:00:58,230 - services.database - DEBUG - [DB_OP] Starting database initialization
2026-03-12 16:00:58,230 - services.database - INFO - 🔧 Starting database initialization...
2026-03-12 16:00:58,230 - core.database - INFO - Starting database initialization...
2026-03-12 16:00:58,231 - core.config - DEBUG - Read dynamic attribute database_url from environment variable DATABASE_URL
2026-03-12 16:00:58,231 - core.database - INFO - Normalizing database URL for async compatibility...
2026-03-12 16:00:58,232 - core.database - INFO - Creating async database engine...
2026-03-12 16:00:58,232 - core.database - INFO - Using QueuePool with connection pooling for non-Lambda environment
2026-03-12 16:00:58,273 - core.database - INFO - Database engine created successfully
2026-03-12 16:00:58,273 - core.database - INFO - Creating async session maker...
2026-03-12 16:00:58,273 - core.database - INFO - Async session maker created successfully
2026-03-12 16:00:58,273 - core.database - INFO - Database connection initialized successfully
2026-03-12 16:00:58,273 - services.database - INFO - 🔧 Database connection initialized, now creating tables if tables not exist...
2026-03-12 16:00:58,273 - core.database - DEBUG - [DB_OP] Starting create_tables
2026-03-12 16:00:58,273 - core.database - INFO - 🔧 Starting table creation...
2026-03-12 16:01:00,374 - core.database - INFO - Tables initialized successfully
2026-03-12 16:01:00,374 - core.database - DEBUG - [DB_OP] Create tables completed in 2.1010s
2026-03-12 16:01:00,433 - services.database - INFO - 🔧 Table creation completed
2026-03-12 16:01:00,433 - services.database - INFO - Database initialized successfully
2026-03-12 16:01:00,434 - services.database - DEBUG - [DB_OP] Database initialization completed in 2.2034s
2026-03-12 16:01:00,435 - services.mock_data - INFO - Processing mock data file products.json for table products
2026-03-12 16:01:02,359 - services.mock_data - INFO - Table products already has 11 rows; skipping mock insert
2026-03-12 16:01:02,418 - services.database - DEBUG - [DB_OP] Starting database initialization
2026-03-12 16:01:02,419 - services.database - INFO - 🔧 Starting database initialization...
2026-03-12 16:01:02,419 - core.database - INFO - Starting database initialization...
2026-03-12 16:01:02,419 - core.database - INFO - Database already initialized
2026-03-12 16:01:02,419 - services.database - INFO - 🔧 Database connection initialized, now creating tables if tables not exist...
2026-03-12 16:01:02,420 - core.database - DEBUG - [DB_OP] Starting create_tables
2026-03-12 16:01:02,420 - core.database - INFO - Tables already initialized
2026-03-12 16:01:02,420 - services.database - INFO - 🔧 Table creation completed
2026-03-12 16:01:02,420 - services.database - INFO - Database initialized successfully
2026-03-12 16:01:02,420 - services.database - DEBUG - [DB_OP] Database initialization completed in 0.0021s
2026-03-12 16:01:02,420 - core.config - DEBUG - Read dynamic attribute admin_user_id from environment variable ADMIN_USER_ID
2026-03-12 16:01:02,421 - core.config - DEBUG - Read dynamic attribute admin_user_email from environment variable ADMIN_USER_EMAIL
2026-03-12 16:01:02,781 - services.auth - DEBUG - Admin user 1021803 already exists
2026-03-12 16:01:02,839 - main - INFO - === Application startup completed successfully ===
2026-03-12 16:01:07,282 - core.config - DEBUG - Read dynamic attribute jwt_secret_key from environment variable JWT_SECRET_KEY
2026-03-12 16:01:07,282 - core.config - DEBUG - Read dynamic attribute jwt_algorithm from environment variable JWT_ALGORITHM
2026-03-12 16:01:07,291 - core.auth - DEBUG - Authentication token validated for user hash: 3e1bb2c4
2026-03-12 16:04:19,960 - core.auth - DEBUG - Authentication token validated for user hash: 3e1bb2c4
2026-03-12 16:11:38,323 - services.database - DEBUG - [DB_OP] Starting database close
2026-03-12 16:11:38,324 - core.database - INFO - Database connection closed and engine disposed
2026-03-12 16:11:38,324 - services.database - INFO - Database connections closed
2026-03-12 16:11:38,325 - services.database - DEBUG - [DB_OP] Database close completed in 0.0018s
