2026-03-13 07:04:57,476 - main - INFO - === Logging system initialized ===
2026-03-13 07:04:57,477 - main - INFO - Log file: logs/app_20260313_070457.log
2026-03-13 07:04:57,477 - main - INFO - Log level: INFO
2026-03-13 07:04:57,477 - main - INFO - Timestamp: 20260313_070457
2026-03-13 07:04:58,232 - main - INFO - Included router: routers.aihub.router
2026-03-13 07:04:58,257 - main - INFO - Included router: routers.auth.router
2026-03-13 07:04:58,307 - main - INFO - Included router: routers.brand_rules.router
2026-03-13 07:04:58,458 - main - INFO - Included router: routers.brand_settings.router
2026-03-13 07:04:58,515 - main - INFO - Included router: routers.clientes.router
2026-03-13 07:04:58,571 - main - INFO - Included router: routers.closet_cliente.router
2026-03-13 07:04:58,626 - main - INFO - Included router: routers.curated_look_items.router
2026-03-13 07:04:58,683 - main - INFO - Included router: routers.curated_looks.router
2026-03-13 07:04:58,748 - main - INFO - Included router: routers.empresas.router
2026-03-13 07:04:58,798 - main - INFO - Included router: routers.engine.router
2026-03-13 07:04:58,801 - main - INFO - Included router: routers.health.router
2026-03-13 07:04:58,818 - main - INFO - Included router: routers.import_router.router
2026-03-13 07:04:58,876 - main - INFO - Included router: routers.itens_pedido.router
2026-03-13 07:04:58,931 - main - INFO - Included router: routers.outfit_recommendations.router
2026-03-13 07:04:58,991 - main - INFO - Included router: routers.pedidos.router
2026-03-13 07:04:59,008 - main - INFO - Included router: routers.price_router.router
2026-03-13 07:04:59,224 - main - INFO - Included router: routers.products.router
2026-03-13 07:04:59,301 - main - INFO - Included router: routers.produtos_empresa.router
2026-03-13 07:04:59,348 - main - INFO - Included router: routers.purchases.router
2026-03-13 07:04:59,400 - main - INFO - Included router: routers.recommendation_logs.router
2026-03-13 07:04:59,425 - main - INFO - Included router: routers.settings.router
2026-03-13 07:04:59,438 - main - INFO - Included router: routers.stock_router.router
2026-03-13 07:04:59,479 - main - INFO - Included router: routers.storage.router
2026-03-13 07:04:59,534 - main - INFO - Included router: routers.style_preferences.router
2026-03-13 07:04:59,549 - main - INFO - Included router: routers.user.router
2026-03-13 07:04:59,550 - main - INFO - === Application startup initiated ===
2026-03-13 07:04:59,551 - services.database - DEBUG - [DB_OP] Starting database initialization
2026-03-13 07:04:59,551 - services.database - INFO - 🔧 Starting database initialization...
2026-03-13 07:04:59,551 - core.database - INFO - Starting database initialization...
2026-03-13 07:04:59,551 - core.config - DEBUG - Read dynamic attribute database_url from environment variable DATABASE_URL
2026-03-13 07:04:59,551 - core.database - INFO - Normalizing database URL for async compatibility...
2026-03-13 07:04:59,553 - core.database - INFO - Creating async database engine...
2026-03-13 07:04:59,554 - core.database - INFO - Using QueuePool with connection pooling for non-Lambda environment
2026-03-13 07:04:59,602 - core.database - INFO - Database engine created successfully
2026-03-13 07:04:59,602 - core.database - INFO - Creating async session maker...
2026-03-13 07:04:59,602 - core.database - INFO - Async session maker created successfully
2026-03-13 07:04:59,603 - core.database - INFO - Database connection initialized successfully
2026-03-13 07:04:59,603 - services.database - INFO - 🔧 Database connection initialized, now creating tables if tables not exist...
2026-03-13 07:04:59,603 - core.database - DEBUG - [DB_OP] Starting create_tables
2026-03-13 07:04:59,603 - core.database - INFO - 🔧 Starting table creation...
2026-03-13 07:05:01,990 - core.database - INFO - Tables initialized successfully
2026-03-13 07:05:01,991 - core.database - DEBUG - [DB_OP] Create tables completed in 2.3880s
2026-03-13 07:05:02,054 - services.database - INFO - 🔧 Table creation completed
2026-03-13 07:05:02,054 - services.database - INFO - Database initialized successfully
2026-03-13 07:05:02,054 - services.database - DEBUG - [DB_OP] Database initialization completed in 2.5037s
2026-03-13 07:05:02,056 - services.mock_data - INFO - Processing mock data file products.json for table products
2026-03-13 07:05:04,104 - services.mock_data - INFO - Table products already has 11 rows; skipping mock insert
2026-03-13 07:05:04,167 - services.database - DEBUG - [DB_OP] Starting database initialization
2026-03-13 07:05:04,167 - services.database - INFO - 🔧 Starting database initialization...
2026-03-13 07:05:04,168 - core.database - INFO - Starting database initialization...
2026-03-13 07:05:04,168 - core.database - INFO - Database already initialized
2026-03-13 07:05:04,168 - services.database - INFO - 🔧 Database connection initialized, now creating tables if tables not exist...
2026-03-13 07:05:04,168 - core.database - DEBUG - [DB_OP] Starting create_tables
2026-03-13 07:05:04,168 - core.database - INFO - Tables already initialized
2026-03-13 07:05:04,168 - services.database - INFO - 🔧 Table creation completed
2026-03-13 07:05:04,169 - services.database - INFO - Database initialized successfully
2026-03-13 07:05:04,170 - services.database - DEBUG - [DB_OP] Database initialization completed in 0.0032s
2026-03-13 07:05:04,170 - core.config - DEBUG - Read dynamic attribute admin_user_id from environment variable ADMIN_USER_ID
2026-03-13 07:05:04,171 - core.config - DEBUG - Read dynamic attribute admin_user_email from environment variable ADMIN_USER_EMAIL
2026-03-13 07:05:04,562 - services.auth - DEBUG - Admin user 1021803 already exists
2026-03-13 07:05:04,628 - main - INFO - === Application startup completed successfully ===
2026-03-13 07:05:09,120 - core.config - DEBUG - Read dynamic attribute jwt_secret_key from environment variable JWT_SECRET_KEY
2026-03-13 07:05:09,120 - core.config - DEBUG - Read dynamic attribute jwt_algorithm from environment variable JWT_ALGORITHM
2026-03-13 07:05:09,132 - core.auth - DEBUG - Authentication token validated for user hash: 3e1bb2c4
2026-03-13 07:05:10,659 - core.auth - DEBUG - Authentication token validated for user hash: 3e1bb2c4
2026-03-13 07:05:20,233 - core.auth - DEBUG - Authentication token validated for user hash: 3e1bb2c4
2026-03-13 07:05:20,233 - core.database - DEBUG - [DB_OP] Starting get_db session creation
2026-03-13 07:05:20,234 - core.database - DEBUG - [DB_OP] Database session created successfully in 0.0002s
2026-03-13 07:05:20,234 - routers.import_router - INFO - Processing CSV import: entity=itens_pedido, empresa=1, rows=4
2026-03-13 07:05:21,791 - services.stock_service - INFO - Product 399255 deactivated — out of stock
2026-03-13 07:05:21,994 - services.stock_service - INFO - Product 405923 deactivated — out of stock
2026-03-13 07:05:22,122 - services.stock_service - INFO - Product 403708 deactivated — out of stock
2026-03-13 07:05:22,251 - services.stock_service - INFO - Product 405618 deactivated — out of stock
2026-03-13 07:05:22,378 - services.import_service - INFO - Auto-deducted stock for 4 items after itens_pedido import
2026-03-13 07:05:22,379 - core.database - DEBUG - [DB_OP] Database session cleanup after 2.1452s
2026-03-13 07:05:26,230 - core.auth - DEBUG - Authentication token validated for user hash: 3e1bb2c4
2026-03-13 07:05:26,230 - core.database - DEBUG - [DB_OP] Starting get_db session creation
2026-03-13 07:05:26,231 - core.database - DEBUG - [DB_OP] Database session created successfully in 0.0003s
2026-03-13 07:05:26,231 - routers.clientes - DEBUG - Querying clientess: query={"empresa_id":1}, sort=-id, skip=0, limit=200, fields=None
2026-03-13 07:05:26,235 - core.auth - DEBUG - Authentication token validated for user hash: 3e1bb2c4
2026-03-13 07:05:26,742 - routers.clientes - DEBUG - Found 3 clientess
2026-03-13 07:05:26,743 - core.database - DEBUG - [DB_OP] Database session cleanup after 0.5131s
2026-03-13 07:05:59,584 - core.auth - DEBUG - Authentication token validated for user hash: 3e1bb2c4
2026-03-13 07:08:06,634 - services.database - DEBUG - [DB_OP] Starting database close
2026-03-13 07:08:06,701 - core.database - INFO - Database connection closed and engine disposed
2026-03-13 07:08:06,701 - services.database - INFO - Database connections closed
2026-03-13 07:08:06,702 - services.database - DEBUG - [DB_OP] Database close completed in 0.0680s
