2026-03-12 14:58:53,829 - main - INFO - === Logging system initialized ===
2026-03-12 14:58:53,829 - main - INFO - Log file: logs/app_20260312_145853.log
2026-03-12 14:58:53,830 - main - INFO - Log level: INFO
2026-03-12 14:58:53,831 - main - INFO - Timestamp: 20260312_145853
2026-03-12 14:58:54,562 - main - INFO - Included router: routers.aihub.router
2026-03-12 14:58:54,583 - main - INFO - Included router: routers.auth.router
2026-03-12 14:58:54,585 - main - INFO - Included router: routers.health.router
2026-03-12 14:58:54,632 - main - INFO - Included router: routers.outfit_recommendations.router
2026-03-12 14:58:54,789 - main - INFO - Included router: routers.products.router
2026-03-12 14:58:54,864 - main - INFO - Included router: routers.purchases.router
2026-03-12 14:58:54,888 - main - INFO - Included router: routers.settings.router
2026-03-12 14:58:54,940 - main - INFO - Included router: routers.storage.router
2026-03-12 14:58:54,997 - main - INFO - Included router: routers.style_preferences.router
2026-03-12 14:58:55,004 - main - INFO - Included router: routers.user.router
2026-03-12 14:58:55,006 - main - INFO - === Application startup initiated ===
2026-03-12 14:58:55,006 - services.database - DEBUG - [DB_OP] Starting database initialization
2026-03-12 14:58:55,006 - services.database - INFO - 🔧 Starting database initialization...
2026-03-12 14:58:55,007 - core.database - INFO - Starting database initialization...
2026-03-12 14:58:55,007 - core.config - DEBUG - Read dynamic attribute database_url from environment variable DATABASE_URL
2026-03-12 14:58:55,007 - core.database - INFO - Normalizing database URL for async compatibility...
2026-03-12 14:58:55,008 - core.database - INFO - Creating async database engine...
2026-03-12 14:58:55,008 - core.database - INFO - Using QueuePool with connection pooling for non-Lambda environment
2026-03-12 14:58:55,060 - core.database - INFO - Database engine created successfully
2026-03-12 14:58:55,060 - core.database - INFO - Creating async session maker...
2026-03-12 14:58:55,060 - core.database - INFO - Async session maker created successfully
2026-03-12 14:58:55,060 - core.database - INFO - Database connection initialized successfully
2026-03-12 14:58:55,060 - services.database - INFO - 🔧 Database connection initialized, now creating tables if tables not exist...
2026-03-12 14:58:55,060 - core.database - DEBUG - [DB_OP] Starting create_tables
2026-03-12 14:58:55,061 - core.database - INFO - 🔧 Starting table creation...
2026-03-12 14:58:56,542 - core.database - INFO - Tables initialized successfully
2026-03-12 14:58:56,542 - core.database - DEBUG - [DB_OP] Create tables completed in 1.4820s
2026-03-12 14:58:56,602 - services.database - INFO - 🔧 Table creation completed
2026-03-12 14:58:56,602 - services.database - INFO - Database initialized successfully
2026-03-12 14:58:56,603 - services.database - DEBUG - [DB_OP] Database initialization completed in 1.5967s
2026-03-12 14:58:56,605 - services.mock_data - INFO - Processing mock data file products.json for table products
2026-03-12 14:58:58,596 - services.mock_data - INFO - Table products already has 11 rows; skipping mock insert
2026-03-12 14:58:58,655 - services.database - DEBUG - [DB_OP] Starting database initialization
2026-03-12 14:58:58,656 - services.database - INFO - 🔧 Starting database initialization...
2026-03-12 14:58:58,656 - core.database - INFO - Starting database initialization...
2026-03-12 14:58:58,656 - core.database - INFO - Database already initialized
2026-03-12 14:58:58,656 - services.database - INFO - 🔧 Database connection initialized, now creating tables if tables not exist...
2026-03-12 14:58:58,657 - core.database - DEBUG - [DB_OP] Starting create_tables
2026-03-12 14:58:58,657 - core.database - INFO - Tables already initialized
2026-03-12 14:58:58,657 - services.database - INFO - 🔧 Table creation completed
2026-03-12 14:58:58,657 - services.database - INFO - Database initialized successfully
2026-03-12 14:58:58,657 - services.database - DEBUG - [DB_OP] Database initialization completed in 0.0018s
2026-03-12 14:58:58,657 - core.config - DEBUG - Read dynamic attribute admin_user_id from environment variable ADMIN_USER_ID
2026-03-12 14:58:58,658 - core.config - DEBUG - Read dynamic attribute admin_user_email from environment variable ADMIN_USER_EMAIL
2026-03-12 14:58:59,014 - services.auth - DEBUG - Admin user 1021803 already exists
2026-03-12 14:58:59,073 - main - INFO - === Application startup completed successfully ===
2026-03-12 14:59:02,269 - core.config - DEBUG - Read dynamic attribute jwt_secret_key from environment variable JWT_SECRET_KEY
2026-03-12 14:59:02,269 - core.config - DEBUG - Read dynamic attribute jwt_algorithm from environment variable JWT_ALGORITHM
2026-03-12 14:59:02,277 - core.auth - DEBUG - Authentication token validated for user hash: 3e1bb2c4
2026-03-12 14:59:16,390 - core.auth - DEBUG - Authentication token validated for user hash: 3e1bb2c4
2026-03-12 15:01:23,585 - core.auth - DEBUG - Authentication token validated for user hash: 3e1bb2c4
2026-03-12 15:01:30,157 - core.auth - DEBUG - Authentication token validated for user hash: 3e1bb2c4
2026-03-12 15:02:32,290 - core.auth - DEBUG - Authentication token validated for user hash: 3e1bb2c4
2026-03-12 15:02:52,060 - core.auth - DEBUG - Authentication token validated for user hash: 3e1bb2c4
2026-03-12 15:03:14,102 - core.auth - DEBUG - Authentication token validated for user hash: 3e1bb2c4
2026-03-12 15:06:10,081 - dependencies.auth - DEBUG - Authentication required for request GET /api/v1/auth/me
2026-03-12 15:06:57,709 - core.auth - DEBUG - Authentication token validated for user hash: 3e1bb2c4
2026-03-12 15:06:58,905 - dependencies.auth - DEBUG - Authentication required for request GET /api/v1/auth/me
2026-03-12 15:07:36,633 - services.database - DEBUG - [DB_OP] Starting database close
2026-03-12 15:07:36,634 - core.database - INFO - Database connection closed and engine disposed
2026-03-12 15:07:36,634 - services.database - INFO - Database connections closed
2026-03-12 15:07:36,634 - services.database - DEBUG - [DB_OP] Database close completed in 0.0014s
