2026-03-13 07:03:06,807 - main - INFO - === Logging system initialized ===
2026-03-13 07:03:06,807 - main - INFO - Log file: logs/app_20260313_070306.log
2026-03-13 07:03:06,808 - main - INFO - Log level: INFO
2026-03-13 07:03:06,808 - main - INFO - Timestamp: 20260313_070306
2026-03-13 07:03:19,381 - main - INFO - Included router: routers.aihub.router
2026-03-13 07:03:19,460 - main - INFO - Included router: routers.auth.router
2026-03-13 07:03:19,623 - main - INFO - Included router: routers.brand_rules.router
2026-03-13 07:03:19,878 - main - INFO - Included router: routers.brand_settings.router
2026-03-13 07:03:20,225 - main - INFO - Included router: routers.clientes.router
2026-03-13 07:03:20,375 - main - INFO - Included router: routers.closet_cliente.router
2026-03-13 07:03:20,528 - main - INFO - Included router: routers.curated_look_items.router
2026-03-13 07:03:20,660 - main - INFO - Included router: routers.curated_looks.router
2026-03-13 07:03:20,782 - main - INFO - Included router: routers.empresas.router
2026-03-13 07:03:21,004 - main - INFO - Included router: routers.engine.router
2026-03-13 07:03:21,046 - main - INFO - Included router: routers.health.router
2026-03-13 07:03:21,120 - main - INFO - Included router: routers.import_router.router
2026-03-13 07:03:21,193 - main - INFO - Included router: routers.itens_pedido.router
2026-03-13 07:03:21,309 - main - INFO - Included router: routers.outfit_recommendations.router
2026-03-13 07:03:21,389 - main - INFO - Included router: routers.pedidos.router
2026-03-13 07:03:21,483 - main - INFO - Included router: routers.price_router.router
2026-03-13 07:03:21,762 - main - INFO - Included router: routers.products.router
2026-03-13 07:03:21,892 - main - INFO - Included router: routers.produtos_empresa.router
2026-03-13 07:03:21,977 - main - INFO - Included router: routers.purchases.router
2026-03-13 07:03:22,155 - main - INFO - Included router: routers.recommendation_logs.router
2026-03-13 07:03:22,256 - main - INFO - Included router: routers.settings.router
2026-03-13 07:03:22,392 - main - INFO - Included router: routers.stock_router.router
2026-03-13 07:03:22,490 - main - INFO - Included router: routers.storage.router
2026-03-13 07:03:22,613 - main - INFO - Included router: routers.style_preferences.router
2026-03-13 07:03:22,671 - main - INFO - Included router: routers.user.router
2026-03-13 07:03:22,673 - main - INFO - === Application startup initiated ===
2026-03-13 07:03:22,673 - services.database - DEBUG - [DB_OP] Starting database initialization
2026-03-13 07:03:22,673 - services.database - INFO - 🔧 Starting database initialization...
2026-03-13 07:03:22,674 - core.database - INFO - Starting database initialization...
2026-03-13 07:03:22,674 - core.config - DEBUG - Read dynamic attribute database_url from environment variable DATABASE_URL
2026-03-13 07:03:22,674 - core.database - INFO - Normalizing database URL for async compatibility...
2026-03-13 07:03:22,676 - core.database - INFO - Creating async database engine...
2026-03-13 07:03:22,676 - core.database - INFO - Using QueuePool with connection pooling for non-Lambda environment
2026-03-13 07:03:23,233 - core.database - INFO - Database engine created successfully
2026-03-13 07:03:23,233 - core.database - INFO - Creating async session maker...
2026-03-13 07:03:23,233 - core.database - INFO - Async session maker created successfully
2026-03-13 07:03:23,233 - core.database - INFO - Database connection initialized successfully
2026-03-13 07:03:23,233 - services.database - INFO - 🔧 Database connection initialized, now creating tables if tables not exist...
2026-03-13 07:03:23,233 - core.database - DEBUG - [DB_OP] Starting create_tables
2026-03-13 07:03:23,233 - core.database - INFO - 🔧 Starting table creation...
2026-03-13 07:03:25,533 - core.database - INFO - Tables initialized successfully
2026-03-13 07:03:25,534 - core.database - DEBUG - [DB_OP] Create tables completed in 2.3005s
2026-03-13 07:03:25,598 - services.database - INFO - 🔧 Table creation completed
2026-03-13 07:03:25,598 - services.database - INFO - Database initialized successfully
2026-03-13 07:03:25,599 - services.database - DEBUG - [DB_OP] Database initialization completed in 2.9258s
2026-03-13 07:03:25,601 - services.mock_data - INFO - Processing mock data file products.json for table products
2026-03-13 07:03:27,761 - services.mock_data - INFO - Table products already has 11 rows; skipping mock insert
2026-03-13 07:03:27,823 - services.database - DEBUG - [DB_OP] Starting database initialization
2026-03-13 07:03:27,824 - services.database - INFO - 🔧 Starting database initialization...
2026-03-13 07:03:27,824 - core.database - INFO - Starting database initialization...
2026-03-13 07:03:27,824 - core.database - INFO - Database already initialized
2026-03-13 07:03:27,824 - services.database - INFO - 🔧 Database connection initialized, now creating tables if tables not exist...
2026-03-13 07:03:27,824 - core.database - DEBUG - [DB_OP] Starting create_tables
2026-03-13 07:03:27,824 - core.database - INFO - Tables already initialized
2026-03-13 07:03:27,824 - services.database - INFO - 🔧 Table creation completed
2026-03-13 07:03:27,824 - services.database - INFO - Database initialized successfully
2026-03-13 07:03:27,824 - services.database - DEBUG - [DB_OP] Database initialization completed in 0.0012s
2026-03-13 07:03:27,825 - core.config - DEBUG - Read dynamic attribute admin_user_id from environment variable ADMIN_USER_ID
2026-03-13 07:03:27,825 - core.config - DEBUG - Read dynamic attribute admin_user_email from environment variable ADMIN_USER_EMAIL
2026-03-13 07:03:28,218 - services.auth - DEBUG - Admin user 1021803 already exists
2026-03-13 07:03:28,281 - main - INFO - === Application startup completed successfully ===
2026-03-13 07:03:56,756 - core.config - DEBUG - Read dynamic attribute jwt_secret_key from environment variable JWT_SECRET_KEY
2026-03-13 07:03:56,757 - core.config - DEBUG - Read dynamic attribute jwt_algorithm from environment variable JWT_ALGORITHM
2026-03-13 07:03:56,919 - core.auth - DEBUG - Authentication token validated for user hash: 3e1bb2c4
2026-03-13 07:04:01,793 - core.auth - DEBUG - Authentication token validated for user hash: 3e1bb2c4
2026-03-13 07:04:03,180 - dependencies.auth - DEBUG - Authentication required for request GET /api/v1/auth/me
2026-03-13 07:04:25,399 - services.database - DEBUG - [DB_OP] Starting database close
2026-03-13 07:04:25,466 - core.database - INFO - Database connection closed and engine disposed
2026-03-13 07:04:25,467 - services.database - INFO - Database connections closed
2026-03-13 07:04:25,467 - services.database - DEBUG - [DB_OP] Database close completed in 0.0681s
