2026-03-13 06:25:55,224 - main - INFO - === Logging system initialized ===
2026-03-13 06:25:55,225 - main - INFO - Log file: logs/app_20260313_062555.log
2026-03-13 06:25:55,225 - main - INFO - Log level: INFO
2026-03-13 06:25:55,225 - main - INFO - Timestamp: 20260313_062555
2026-03-13 06:25:55,919 - main - INFO - Included router: routers.aihub.router
2026-03-13 06:25:55,943 - main - INFO - Included router: routers.auth.router
2026-03-13 06:25:56,010 - main - INFO - Included router: routers.brand_rules.router
2026-03-13 06:25:56,156 - main - INFO - Included router: routers.brand_settings.router
2026-03-13 06:25:56,224 - main - INFO - Included router: routers.clientes.router
2026-03-13 06:25:56,281 - main - INFO - Included router: routers.closet_cliente.router
2026-03-13 06:25:56,347 - main - INFO - Included router: routers.curated_look_items.router
2026-03-13 06:25:56,450 - main - INFO - Included router: routers.curated_looks.router
2026-03-13 06:25:56,506 - main - INFO - Included router: routers.empresas.router
2026-03-13 06:25:56,550 - main - INFO - Included router: routers.engine.router
2026-03-13 06:25:56,552 - main - INFO - Included router: routers.health.router
2026-03-13 06:25:56,565 - main - INFO - Included router: routers.import_router.router
2026-03-13 06:25:56,614 - main - INFO - Included router: routers.itens_pedido.router
2026-03-13 06:25:56,664 - main - INFO - Included router: routers.outfit_recommendations.router
2026-03-13 06:25:56,719 - main - INFO - Included router: routers.pedidos.router
2026-03-13 06:25:56,793 - main - INFO - Included router: routers.price_router.router
2026-03-13 06:25:57,082 - main - INFO - Included router: routers.products.router
2026-03-13 06:25:57,154 - main - INFO - Included router: routers.produtos_empresa.router
2026-03-13 06:25:57,196 - main - INFO - Included router: routers.purchases.router
2026-03-13 06:25:57,241 - main - INFO - Included router: routers.recommendation_logs.router
2026-03-13 06:25:57,261 - main - INFO - Included router: routers.settings.router
2026-03-13 06:25:57,306 - main - INFO - Included router: routers.storage.router
2026-03-13 06:25:57,353 - main - INFO - Included router: routers.style_preferences.router
2026-03-13 06:25:57,379 - main - INFO - Included router: routers.user.router
2026-03-13 06:25:57,380 - main - INFO - === Application startup initiated ===
2026-03-13 06:25:57,381 - services.database - DEBUG - [DB_OP] Starting database initialization
2026-03-13 06:25:57,381 - services.database - INFO - 🔧 Starting database initialization...
2026-03-13 06:25:57,381 - core.database - INFO - Starting database initialization...
2026-03-13 06:25:57,381 - core.config - DEBUG - Read dynamic attribute database_url from environment variable DATABASE_URL
2026-03-13 06:25:57,381 - core.database - INFO - Normalizing database URL for async compatibility...
2026-03-13 06:25:57,382 - core.database - INFO - Creating async database engine...
2026-03-13 06:25:57,382 - core.database - INFO - Using QueuePool with connection pooling for non-Lambda environment
2026-03-13 06:25:57,419 - core.database - INFO - Database engine created successfully
2026-03-13 06:25:57,419 - core.database - INFO - Creating async session maker...
2026-03-13 06:25:57,420 - core.database - INFO - Async session maker created successfully
2026-03-13 06:25:57,420 - core.database - INFO - Database connection initialized successfully
2026-03-13 06:25:57,420 - services.database - INFO - 🔧 Database connection initialized, now creating tables if tables not exist...
2026-03-13 06:25:57,420 - core.database - DEBUG - [DB_OP] Starting create_tables
2026-03-13 06:25:57,420 - core.database - INFO - 🔧 Starting table creation...
2026-03-13 06:25:59,574 - core.database - INFO - Tables initialized successfully
2026-03-13 06:25:59,574 - core.database - DEBUG - [DB_OP] Create tables completed in 2.1541s
2026-03-13 06:25:59,634 - services.database - INFO - 🔧 Table creation completed
2026-03-13 06:25:59,634 - services.database - INFO - Database initialized successfully
2026-03-13 06:25:59,634 - services.database - DEBUG - [DB_OP] Database initialization completed in 2.2538s
2026-03-13 06:25:59,636 - services.mock_data - INFO - Processing mock data file products.json for table products
2026-03-13 06:26:01,609 - services.mock_data - INFO - Table products already has 11 rows; skipping mock insert
2026-03-13 06:26:01,669 - services.database - DEBUG - [DB_OP] Starting database initialization
2026-03-13 06:26:01,669 - services.database - INFO - 🔧 Starting database initialization...
2026-03-13 06:26:01,670 - core.database - INFO - Starting database initialization...
2026-03-13 06:26:01,670 - core.database - INFO - Database already initialized
2026-03-13 06:26:01,670 - services.database - INFO - 🔧 Database connection initialized, now creating tables if tables not exist...
2026-03-13 06:26:01,670 - core.database - DEBUG - [DB_OP] Starting create_tables
2026-03-13 06:26:01,670 - core.database - INFO - Tables already initialized
2026-03-13 06:26:01,670 - services.database - INFO - 🔧 Table creation completed
2026-03-13 06:26:01,670 - services.database - INFO - Database initialized successfully
2026-03-13 06:26:01,671 - services.database - DEBUG - [DB_OP] Database initialization completed in 0.0021s
2026-03-13 06:26:01,672 - core.config - DEBUG - Read dynamic attribute admin_user_id from environment variable ADMIN_USER_ID
2026-03-13 06:26:01,672 - core.config - DEBUG - Read dynamic attribute admin_user_email from environment variable ADMIN_USER_EMAIL
2026-03-13 06:26:02,045 - services.auth - DEBUG - Admin user 1021803 already exists
2026-03-13 06:26:02,105 - main - INFO - === Application startup completed successfully ===
2026-03-13 06:26:24,164 - services.database - DEBUG - [DB_OP] Starting database close
2026-03-13 06:26:24,227 - core.database - INFO - Database connection closed and engine disposed
2026-03-13 06:26:24,227 - services.database - INFO - Database connections closed
2026-03-13 06:26:24,227 - services.database - DEBUG - [DB_OP] Database close completed in 0.0631s
