2026-03-12 14:57:04,389 - main - INFO - === Logging system initialized ===
2026-03-12 14:57:04,389 - main - INFO - Log file: logs/app_20260312_145704.log
2026-03-12 14:57:04,389 - main - INFO - Log level: INFO
2026-03-12 14:57:04,389 - main - INFO - Timestamp: 20260312_145704
2026-03-12 14:57:05,411 - main - INFO - Included router: routers.aihub.router
2026-03-12 14:57:05,433 - main - INFO - Included router: routers.auth.router
2026-03-12 14:57:05,436 - main - INFO - Included router: routers.health.router
2026-03-12 14:57:05,599 - main - INFO - Included router: routers.outfit_recommendations.router
2026-03-12 14:57:06,087 - main - INFO - Included router: routers.products.router
2026-03-12 14:57:06,610 - main - INFO - Included router: routers.purchases.router
2026-03-12 14:57:06,631 - main - INFO - Included router: routers.settings.router
2026-03-12 14:57:06,674 - main - INFO - Included router: routers.storage.router
2026-03-12 14:57:06,800 - main - INFO - Included router: routers.style_preferences.router
2026-03-12 14:57:06,809 - main - INFO - Included router: routers.user.router
2026-03-12 14:57:06,810 - main - INFO - === Application startup initiated ===
2026-03-12 14:57:06,811 - services.database - DEBUG - [DB_OP] Starting database initialization
2026-03-12 14:57:06,811 - services.database - INFO - 🔧 Starting database initialization...
2026-03-12 14:57:06,811 - core.database - INFO - Starting database initialization...
2026-03-12 14:57:06,811 - core.config - DEBUG - Read dynamic attribute database_url from environment variable DATABASE_URL
2026-03-12 14:57:06,811 - core.database - INFO - Normalizing database URL for async compatibility...
2026-03-12 14:57:06,812 - core.database - INFO - Creating async database engine...
2026-03-12 14:57:06,813 - core.database - INFO - Using QueuePool with connection pooling for non-Lambda environment
2026-03-12 14:57:06,876 - core.database - INFO - Database engine created successfully
2026-03-12 14:57:06,876 - core.database - INFO - Creating async session maker...
2026-03-12 14:57:06,877 - core.database - INFO - Async session maker created successfully
2026-03-12 14:57:06,877 - core.database - INFO - Database connection initialized successfully
2026-03-12 14:57:06,877 - services.database - INFO - 🔧 Database connection initialized, now creating tables if tables not exist...
2026-03-12 14:57:06,877 - core.database - DEBUG - [DB_OP] Starting create_tables
2026-03-12 14:57:06,877 - core.database - INFO - 🔧 Starting table creation...
2026-03-12 14:57:08,814 - core.database - INFO - Tables initialized successfully
2026-03-12 14:57:08,815 - core.database - DEBUG - [DB_OP] Create tables completed in 1.9378s
2026-03-12 14:57:08,875 - services.database - INFO - 🔧 Table creation completed
2026-03-12 14:57:08,876 - services.database - INFO - Database initialized successfully
2026-03-12 14:57:08,876 - services.database - DEBUG - [DB_OP] Database initialization completed in 2.0653s
2026-03-12 14:57:08,877 - services.mock_data - INFO - Processing mock data file products.json for table products
2026-03-12 14:57:11,034 - services.mock_data - INFO - Table products already has 11 rows; skipping mock insert
2026-03-12 14:57:11,095 - services.database - DEBUG - [DB_OP] Starting database initialization
2026-03-12 14:57:11,096 - services.database - INFO - 🔧 Starting database initialization...
2026-03-12 14:57:11,096 - core.database - INFO - Starting database initialization...
2026-03-12 14:57:11,096 - core.database - INFO - Database already initialized
2026-03-12 14:57:11,096 - services.database - INFO - 🔧 Database connection initialized, now creating tables if tables not exist...
2026-03-12 14:57:11,096 - core.database - DEBUG - [DB_OP] Starting create_tables
2026-03-12 14:57:11,097 - core.database - INFO - Tables already initialized
2026-03-12 14:57:11,097 - services.database - INFO - 🔧 Table creation completed
2026-03-12 14:57:11,097 - services.database - INFO - Database initialized successfully
2026-03-12 14:57:11,097 - services.database - DEBUG - [DB_OP] Database initialization completed in 0.0023s
2026-03-12 14:57:11,098 - core.config - DEBUG - Read dynamic attribute admin_user_id from environment variable ADMIN_USER_ID
2026-03-12 14:57:11,098 - core.config - DEBUG - Read dynamic attribute admin_user_email from environment variable ADMIN_USER_EMAIL
2026-03-12 14:57:11,468 - services.auth - DEBUG - Admin user 1021803 already exists
2026-03-12 14:57:11,529 - main - INFO - === Application startup completed successfully ===
2026-03-12 14:57:14,660 - core.config - DEBUG - Read dynamic attribute jwt_secret_key from environment variable JWT_SECRET_KEY
2026-03-12 14:57:14,661 - core.config - DEBUG - Read dynamic attribute jwt_algorithm from environment variable JWT_ALGORITHM
2026-03-12 14:57:14,678 - core.auth - DEBUG - Authentication token validated for user hash: 3e1bb2c4
2026-03-12 14:57:19,443 - core.auth - DEBUG - Authentication token validated for user hash: 3e1bb2c4
2026-03-12 14:58:16,964 - dependencies.auth - DEBUG - Authentication required for request GET /api/v1/auth/me
2026-03-12 14:58:16,969 - core.auth - DEBUG - Authentication token validated for user hash: 3e1bb2c4
2026-03-12 14:58:38,490 - services.database - DEBUG - [DB_OP] Starting database close
2026-03-12 14:58:38,555 - core.database - INFO - Database connection closed and engine disposed
2026-03-12 14:58:38,556 - services.database - INFO - Database connections closed
2026-03-12 14:58:38,556 - services.database - DEBUG - [DB_OP] Database close completed in 0.0659s
