2026-03-12 15:54:51,709 - main - INFO - === Logging system initialized ===
2026-03-12 15:54:51,710 - main - INFO - Log file: logs/app_20260312_155451.log
2026-03-12 15:54:51,710 - main - INFO - Log level: INFO
2026-03-12 15:54:51,710 - main - INFO - Timestamp: 20260312_155451
2026-03-12 15:54:52,289 - main - INFO - Included router: routers.aihub.router
2026-03-12 15:54:52,305 - main - INFO - Included router: routers.auth.router
2026-03-12 15:54:52,354 - main - INFO - Included router: routers.brand_rules.router
2026-03-12 15:54:52,500 - main - INFO - Included router: routers.brand_settings.router
2026-03-12 15:54:52,551 - main - INFO - Included router: routers.clientes.router
2026-03-12 15:54:52,595 - main - INFO - Included router: routers.closet_cliente.router
2026-03-12 15:54:52,638 - main - INFO - Included router: routers.curated_look_items.router
2026-03-12 15:54:52,689 - main - INFO - Included router: routers.curated_looks.router
2026-03-12 15:54:52,735 - main - INFO - Included router: routers.empresas.router
2026-03-12 15:54:52,804 - main - INFO - Included router: routers.engine.router
2026-03-12 15:54:52,806 - main - INFO - Included router: routers.health.router
2026-03-12 15:54:52,817 - main - INFO - Included router: routers.import_router.router
2026-03-12 15:54:52,858 - main - INFO - Included router: routers.itens_pedido.router
2026-03-12 15:54:52,904 - main - INFO - Included router: routers.outfit_recommendations.router
2026-03-12 15:54:52,952 - main - INFO - Included router: routers.pedidos.router
2026-03-12 15:54:52,997 - main - INFO - Included router: routers.products.router
2026-03-12 15:54:53,187 - main - INFO - Included router: routers.produtos_empresa.router
2026-03-12 15:54:53,246 - main - INFO - Included router: routers.purchases.router
2026-03-12 15:54:53,304 - main - INFO - Included router: routers.recommendation_logs.router
2026-03-12 15:54:53,334 - main - INFO - Included router: routers.settings.router
2026-03-12 15:54:53,383 - main - INFO - Included router: routers.storage.router
2026-03-12 15:54:53,430 - main - INFO - Included router: routers.style_preferences.router
2026-03-12 15:54:53,439 - main - INFO - Included router: routers.user.router
2026-03-12 15:54:53,440 - main - INFO - === Application startup initiated ===
2026-03-12 15:54:53,440 - services.database - DEBUG - [DB_OP] Starting database initialization
2026-03-12 15:54:53,440 - services.database - INFO - 🔧 Starting database initialization...
2026-03-12 15:54:53,440 - core.database - INFO - Starting database initialization...
2026-03-12 15:54:53,440 - core.config - DEBUG - Read dynamic attribute database_url from environment variable DATABASE_URL
2026-03-12 15:54:53,440 - core.database - INFO - Normalizing database URL for async compatibility...
2026-03-12 15:54:53,443 - core.database - INFO - Creating async database engine...
2026-03-12 15:54:53,443 - core.database - INFO - Using QueuePool with connection pooling for non-Lambda environment
2026-03-12 15:54:53,492 - core.database - INFO - Database engine created successfully
2026-03-12 15:54:53,492 - core.database - INFO - Creating async session maker...
2026-03-12 15:54:53,493 - core.database - INFO - Async session maker created successfully
2026-03-12 15:54:53,493 - core.database - INFO - Database connection initialized successfully
2026-03-12 15:54:53,493 - services.database - INFO - 🔧 Database connection initialized, now creating tables if tables not exist...
2026-03-12 15:54:53,494 - core.database - DEBUG - [DB_OP] Starting create_tables
2026-03-12 15:54:53,494 - core.database - INFO - 🔧 Starting table creation...
2026-03-12 15:54:55,648 - core.database - INFO - Tables initialized successfully
2026-03-12 15:54:55,648 - core.database - DEBUG - [DB_OP] Create tables completed in 2.1548s
2026-03-12 15:54:55,709 - services.database - INFO - 🔧 Table creation completed
2026-03-12 15:54:55,709 - services.database - INFO - Database initialized successfully
2026-03-12 15:54:55,709 - services.database - DEBUG - [DB_OP] Database initialization completed in 2.2693s
2026-03-12 15:54:55,710 - services.mock_data - INFO - Processing mock data file products.json for table products
2026-03-12 15:54:57,711 - services.mock_data - INFO - Table products already has 11 rows; skipping mock insert
2026-03-12 15:54:57,772 - services.database - DEBUG - [DB_OP] Starting database initialization
2026-03-12 15:54:57,772 - services.database - INFO - 🔧 Starting database initialization...
2026-03-12 15:54:57,773 - core.database - INFO - Starting database initialization...
2026-03-12 15:54:57,773 - core.database - INFO - Database already initialized
2026-03-12 15:54:57,773 - services.database - INFO - 🔧 Database connection initialized, now creating tables if tables not exist...
2026-03-12 15:54:57,773 - core.database - DEBUG - [DB_OP] Starting create_tables
2026-03-12 15:54:57,774 - core.database - INFO - Tables already initialized
2026-03-12 15:54:57,774 - services.database - INFO - 🔧 Table creation completed
2026-03-12 15:54:57,774 - services.database - INFO - Database initialized successfully
2026-03-12 15:54:57,774 - services.database - DEBUG - [DB_OP] Database initialization completed in 0.0023s
2026-03-12 15:54:57,774 - core.config - DEBUG - Read dynamic attribute admin_user_id from environment variable ADMIN_USER_ID
2026-03-12 15:54:57,774 - core.config - DEBUG - Read dynamic attribute admin_user_email from environment variable ADMIN_USER_EMAIL
2026-03-12 15:54:58,148 - services.auth - DEBUG - Admin user 1021803 already exists
2026-03-12 15:54:58,208 - main - INFO - === Application startup completed successfully ===
2026-03-12 15:58:25,707 - services.database - DEBUG - [DB_OP] Starting database close
2026-03-12 15:58:25,769 - core.database - INFO - Database connection closed and engine disposed
2026-03-12 15:58:25,770 - services.database - INFO - Database connections closed
2026-03-12 15:58:25,770 - services.database - DEBUG - [DB_OP] Database close completed in 0.0631s
