2026-03-13 07:47:31,747 - main - INFO - === Logging system initialized ===
2026-03-13 07:47:31,747 - main - INFO - Log file: logs/app_20260313_074731.log
2026-03-13 07:47:31,747 - main - INFO - Log level: INFO
2026-03-13 07:47:31,748 - main - INFO - Timestamp: 20260313_074731
2026-03-13 07:47:32,713 - main - INFO - Included router: routers.aihub.router
2026-03-13 07:47:32,737 - main - INFO - Included router: routers.auth.router
2026-03-13 07:47:32,790 - main - INFO - Included router: routers.brand_rules.router
2026-03-13 07:47:32,984 - main - INFO - Included router: routers.brand_settings.router
2026-03-13 07:47:33,048 - main - INFO - Included router: routers.clientes.router
2026-03-13 07:47:33,098 - main - INFO - Included router: routers.closet_cliente.router
2026-03-13 07:47:33,153 - main - INFO - Included router: routers.curated_look_items.router
2026-03-13 07:47:33,236 - main - INFO - Included router: routers.curated_looks.router
2026-03-13 07:47:33,267 - main - INFO - Included router: routers.customer_closet.router
2026-03-13 07:47:33,328 - main - INFO - Included router: routers.empresas.router
2026-03-13 07:47:33,362 - main - INFO - Included router: routers.engine.router
2026-03-13 07:47:33,364 - main - INFO - Included router: routers.health.router
2026-03-13 07:47:33,375 - main - INFO - Included router: routers.import_router.router
2026-03-13 07:47:33,424 - main - INFO - Included router: routers.itens_pedido.router
2026-03-13 07:47:33,478 - main - INFO - Included router: routers.outfit_recommendations.router
2026-03-13 07:47:33,526 - main - INFO - Included router: routers.pedidos.router
2026-03-13 07:47:33,543 - main - INFO - Included router: routers.price_router.router
2026-03-13 07:47:33,704 - main - INFO - Included router: routers.products.router
2026-03-13 07:47:33,775 - main - INFO - Included router: routers.produtos_empresa.router
2026-03-13 07:47:33,827 - main - INFO - Included router: routers.purchases.router
2026-03-13 07:47:33,879 - main - INFO - Included router: routers.recommendation_logs.router
2026-03-13 07:47:33,903 - main - INFO - Included router: routers.settings.router
2026-03-13 07:47:33,920 - main - INFO - Included router: routers.stock_router.router
2026-03-13 07:47:33,962 - main - INFO - Included router: routers.storage.router
2026-03-13 07:47:34,012 - main - INFO - Included router: routers.style_preferences.router
2026-03-13 07:47:34,042 - main - INFO - Included router: routers.user.router
2026-03-13 07:47:34,044 - main - INFO - === Application startup initiated ===
2026-03-13 07:47:34,044 - services.database - DEBUG - [DB_OP] Starting database initialization
2026-03-13 07:47:34,045 - services.database - INFO - 🔧 Starting database initialization...
2026-03-13 07:47:34,045 - core.database - INFO - Starting database initialization...
2026-03-13 07:47:34,046 - core.config - DEBUG - Read dynamic attribute database_url from environment variable DATABASE_URL
2026-03-13 07:47:34,046 - core.database - INFO - Normalizing database URL for async compatibility...
2026-03-13 07:47:34,048 - core.database - INFO - Creating async database engine...
2026-03-13 07:47:34,048 - core.database - INFO - Using QueuePool with connection pooling for non-Lambda environment
2026-03-13 07:47:34,096 - core.database - INFO - Database engine created successfully
2026-03-13 07:47:34,096 - core.database - INFO - Creating async session maker...
2026-03-13 07:47:34,096 - core.database - INFO - Async session maker created successfully
2026-03-13 07:47:34,096 - core.database - INFO - Database connection initialized successfully
2026-03-13 07:47:34,096 - services.database - INFO - 🔧 Database connection initialized, now creating tables if tables not exist...
2026-03-13 07:47:34,097 - core.database - DEBUG - [DB_OP] Starting create_tables
2026-03-13 07:47:34,097 - core.database - INFO - 🔧 Starting table creation...
2026-03-13 07:47:36,249 - core.database - INFO - Tables initialized successfully
2026-03-13 07:47:36,249 - core.database - DEBUG - [DB_OP] Create tables completed in 2.1527s
2026-03-13 07:47:36,309 - services.database - INFO - 🔧 Table creation completed
2026-03-13 07:47:36,310 - services.database - INFO - Database initialized successfully
2026-03-13 07:47:36,310 - services.database - DEBUG - [DB_OP] Database initialization completed in 2.2658s
2026-03-13 07:47:36,313 - services.mock_data - INFO - Processing mock data file products.json for table products
2026-03-13 07:47:38,273 - services.mock_data - INFO - Table products already has 11 rows; skipping mock insert
2026-03-13 07:47:38,333 - services.database - DEBUG - [DB_OP] Starting database initialization
2026-03-13 07:47:38,334 - services.database - INFO - 🔧 Starting database initialization...
2026-03-13 07:47:38,334 - core.database - INFO - Starting database initialization...
2026-03-13 07:47:38,334 - core.database - INFO - Database already initialized
2026-03-13 07:47:38,334 - services.database - INFO - 🔧 Database connection initialized, now creating tables if tables not exist...
2026-03-13 07:47:38,335 - core.database - DEBUG - [DB_OP] Starting create_tables
2026-03-13 07:47:38,335 - core.database - INFO - Tables already initialized
2026-03-13 07:47:38,336 - services.database - INFO - 🔧 Table creation completed
2026-03-13 07:47:38,336 - services.database - INFO - Database initialized successfully
2026-03-13 07:47:38,336 - services.database - DEBUG - [DB_OP] Database initialization completed in 0.0025s
2026-03-13 07:47:38,336 - core.config - DEBUG - Read dynamic attribute admin_user_id from environment variable ADMIN_USER_ID
2026-03-13 07:47:38,336 - core.config - DEBUG - Read dynamic attribute admin_user_email from environment variable ADMIN_USER_EMAIL
2026-03-13 07:47:38,711 - services.auth - DEBUG - Admin user 1021803 already exists
2026-03-13 07:47:38,772 - main - INFO - === Application startup completed successfully ===
2026-03-13 07:47:43,058 - core.config - DEBUG - Read dynamic attribute jwt_secret_key from environment variable JWT_SECRET_KEY
2026-03-13 07:47:43,059 - core.config - DEBUG - Read dynamic attribute jwt_algorithm from environment variable JWT_ALGORITHM
2026-03-13 07:47:43,075 - core.auth - DEBUG - Authentication token validated for user hash: 3e1bb2c4
2026-03-13 07:47:45,493 - services.database - DEBUG - [DB_OP] Starting database close
2026-03-13 07:47:45,556 - core.database - INFO - Database connection closed and engine disposed
2026-03-13 07:47:45,556 - services.database - INFO - Database connections closed
2026-03-13 07:47:45,556 - services.database - DEBUG - [DB_OP] Database close completed in 0.0638s
