2026-03-12 15:29:08,490 - main - INFO - === Logging system initialized ===
2026-03-12 15:29:08,490 - main - INFO - Log file: logs/app_20260312_152908.log
2026-03-12 15:29:08,490 - main - INFO - Log level: INFO
2026-03-12 15:29:08,490 - main - INFO - Timestamp: 20260312_152908
2026-03-12 15:29:09,176 - main - INFO - Included router: routers.aihub.router
2026-03-12 15:29:09,192 - main - INFO - Included router: routers.auth.router
2026-03-12 15:29:09,246 - main - INFO - Included router: routers.clientes.router
2026-03-12 15:29:09,352 - main - INFO - Included router: routers.closet_cliente.router
2026-03-12 15:29:09,399 - main - INFO - Included router: routers.empresas.router
2026-03-12 15:29:09,401 - main - INFO - Included router: routers.health.router
2026-03-12 15:29:09,422 - main - INFO - Included router: routers.import_router.router
2026-03-12 15:29:09,464 - main - INFO - Included router: routers.itens_pedido.router
2026-03-12 15:29:09,505 - main - INFO - Included router: routers.outfit_recommendations.router
2026-03-12 15:29:09,547 - main - INFO - Included router: routers.pedidos.router
2026-03-12 15:29:09,590 - main - INFO - Included router: routers.products.router
2026-03-12 15:29:09,643 - main - INFO - Included router: routers.produtos_empresa.router
2026-03-12 15:29:09,681 - main - INFO - Included router: routers.purchases.router
2026-03-12 15:29:09,701 - main - INFO - Included router: routers.settings.router
2026-03-12 15:29:09,737 - main - INFO - Included router: routers.storage.router
2026-03-12 15:29:09,781 - main - INFO - Included router: routers.style_preferences.router
2026-03-12 15:29:09,791 - main - INFO - Included router: routers.user.router
2026-03-12 15:29:09,793 - main - INFO - === Application startup initiated ===
2026-03-12 15:29:09,793 - services.database - DEBUG - [DB_OP] Starting database initialization
2026-03-12 15:29:09,793 - services.database - INFO - 🔧 Starting database initialization...
2026-03-12 15:29:09,793 - core.database - INFO - Starting database initialization...
2026-03-12 15:29:09,793 - core.config - DEBUG - Read dynamic attribute database_url from environment variable DATABASE_URL
2026-03-12 15:29:09,793 - core.database - INFO - Normalizing database URL for async compatibility...
2026-03-12 15:29:09,794 - core.database - INFO - Creating async database engine...
2026-03-12 15:29:09,794 - core.database - INFO - Using QueuePool with connection pooling for non-Lambda environment
2026-03-12 15:29:09,932 - core.database - INFO - Database engine created successfully
2026-03-12 15:29:09,933 - core.database - INFO - Creating async session maker...
2026-03-12 15:29:09,933 - core.database - INFO - Async session maker created successfully
2026-03-12 15:29:09,934 - core.database - INFO - Database connection initialized successfully
2026-03-12 15:29:09,934 - services.database - INFO - 🔧 Database connection initialized, now creating tables if tables not exist...
2026-03-12 15:29:09,934 - core.database - DEBUG - [DB_OP] Starting create_tables
2026-03-12 15:29:09,934 - core.database - INFO - 🔧 Starting table creation...
2026-03-12 15:29:11,759 - core.database - INFO - Tables initialized successfully
2026-03-12 15:29:11,760 - core.database - DEBUG - [DB_OP] Create tables completed in 1.8259s
2026-03-12 15:29:11,818 - services.database - INFO - 🔧 Table creation completed
2026-03-12 15:29:11,818 - services.database - INFO - Database initialized successfully
2026-03-12 15:29:11,819 - services.database - DEBUG - [DB_OP] Database initialization completed in 2.0263s
2026-03-12 15:29:11,822 - services.mock_data - INFO - Processing mock data file products.json for table products
2026-03-12 15:29:13,733 - services.mock_data - INFO - Table products already has 11 rows; skipping mock insert
2026-03-12 15:29:13,792 - services.database - DEBUG - [DB_OP] Starting database initialization
2026-03-12 15:29:13,793 - services.database - INFO - 🔧 Starting database initialization...
2026-03-12 15:29:13,793 - core.database - INFO - Starting database initialization...
2026-03-12 15:29:13,793 - core.database - INFO - Database already initialized
2026-03-12 15:29:13,794 - services.database - INFO - 🔧 Database connection initialized, now creating tables if tables not exist...
2026-03-12 15:29:13,794 - core.database - DEBUG - [DB_OP] Starting create_tables
2026-03-12 15:29:13,794 - core.database - INFO - Tables already initialized
2026-03-12 15:29:13,794 - services.database - INFO - 🔧 Table creation completed
2026-03-12 15:29:13,794 - services.database - INFO - Database initialized successfully
2026-03-12 15:29:13,794 - services.database - DEBUG - [DB_OP] Database initialization completed in 0.0017s
2026-03-12 15:29:13,794 - core.config - DEBUG - Read dynamic attribute admin_user_id from environment variable ADMIN_USER_ID
2026-03-12 15:29:13,795 - core.config - DEBUG - Read dynamic attribute admin_user_email from environment variable ADMIN_USER_EMAIL
2026-03-12 15:29:14,153 - services.auth - DEBUG - Admin user 1021803 already exists
2026-03-12 15:29:14,212 - main - INFO - === Application startup completed successfully ===
2026-03-12 15:29:19,049 - core.config - DEBUG - Read dynamic attribute jwt_secret_key from environment variable JWT_SECRET_KEY
2026-03-12 15:29:19,049 - core.config - DEBUG - Read dynamic attribute jwt_algorithm from environment variable JWT_ALGORITHM
2026-03-12 15:29:19,066 - core.auth - DEBUG - Authentication token validated for user hash: 3e1bb2c4
2026-03-12 15:29:25,704 - core.auth - DEBUG - Authentication token validated for user hash: 3e1bb2c4
2026-03-12 15:29:25,989 - services.database - DEBUG - [DB_OP] Starting database close
2026-03-12 15:29:26,052 - core.database - INFO - Database connection closed and engine disposed
2026-03-12 15:29:26,052 - services.database - INFO - Database connections closed
2026-03-12 15:29:26,052 - services.database - DEBUG - [DB_OP] Database close completed in 0.0632s
