2026-03-13 07:43:36,317 - main - INFO - === Logging system initialized ===
2026-03-13 07:43:36,317 - main - INFO - Log file: logs/app_20260313_074336.log
2026-03-13 07:43:36,317 - main - INFO - Log level: INFO
2026-03-13 07:43:36,317 - main - INFO - Timestamp: 20260313_074336
2026-03-13 07:43:37,318 - main - INFO - Included router: routers.aihub.router
2026-03-13 07:43:37,343 - main - INFO - Included router: routers.auth.router
2026-03-13 07:43:37,395 - main - INFO - Included router: routers.brand_rules.router
2026-03-13 07:43:37,596 - main - INFO - Included router: routers.brand_settings.router
2026-03-13 07:43:37,676 - main - INFO - Included router: routers.clientes.router
2026-03-13 07:43:37,726 - main - INFO - Included router: routers.closet_cliente.router
2026-03-13 07:43:37,773 - main - INFO - Included router: routers.curated_look_items.router
2026-03-13 07:43:37,839 - main - INFO - Included router: routers.curated_looks.router
2026-03-13 07:43:37,949 - main - INFO - Included router: routers.customer_closet.router
2026-03-13 07:43:38,001 - main - INFO - Included router: routers.empresas.router
2026-03-13 07:43:38,070 - main - INFO - Included router: routers.engine.router
2026-03-13 07:43:38,075 - main - INFO - Included router: routers.health.router
2026-03-13 07:43:38,092 - main - INFO - Included router: routers.import_router.router
2026-03-13 07:43:38,147 - main - INFO - Included router: routers.itens_pedido.router
2026-03-13 07:43:38,206 - main - INFO - Included router: routers.outfit_recommendations.router
2026-03-13 07:43:38,254 - main - INFO - Included router: routers.pedidos.router
2026-03-13 07:43:38,269 - main - INFO - Included router: routers.price_router.router
2026-03-13 07:43:38,486 - main - INFO - Included router: routers.products.router
2026-03-13 07:43:38,565 - main - INFO - Included router: routers.produtos_empresa.router
2026-03-13 07:43:38,615 - main - INFO - Included router: routers.purchases.router
2026-03-13 07:43:38,681 - main - INFO - Included router: routers.recommendation_logs.router
2026-03-13 07:43:38,709 - main - INFO - Included router: routers.settings.router
2026-03-13 07:43:38,723 - main - INFO - Included router: routers.stock_router.router
2026-03-13 07:43:38,774 - main - INFO - Included router: routers.storage.router
2026-03-13 07:43:38,830 - main - INFO - Included router: routers.style_preferences.router
2026-03-13 07:43:38,843 - main - INFO - Included router: routers.user.router
2026-03-13 07:43:38,845 - main - INFO - === Application startup initiated ===
2026-03-13 07:43:38,845 - services.database - DEBUG - [DB_OP] Starting database initialization
2026-03-13 07:43:38,845 - services.database - INFO - 🔧 Starting database initialization...
2026-03-13 07:43:38,845 - core.database - INFO - Starting database initialization...
2026-03-13 07:43:38,845 - core.config - DEBUG - Read dynamic attribute database_url from environment variable DATABASE_URL
2026-03-13 07:43:38,845 - core.database - INFO - Normalizing database URL for async compatibility...
2026-03-13 07:43:38,846 - core.database - INFO - Creating async database engine...
2026-03-13 07:43:38,847 - core.database - INFO - Using QueuePool with connection pooling for non-Lambda environment
2026-03-13 07:43:38,919 - core.database - INFO - Database engine created successfully
2026-03-13 07:43:38,919 - core.database - INFO - Creating async session maker...
2026-03-13 07:43:38,919 - core.database - INFO - Async session maker created successfully
2026-03-13 07:43:38,920 - core.database - INFO - Database connection initialized successfully
2026-03-13 07:43:38,920 - services.database - INFO - 🔧 Database connection initialized, now creating tables if tables not exist...
2026-03-13 07:43:38,920 - core.database - DEBUG - [DB_OP] Starting create_tables
2026-03-13 07:43:38,921 - core.database - INFO - 🔧 Starting table creation...
2026-03-13 07:43:41,633 - core.database - INFO - Tables initialized successfully
2026-03-13 07:43:41,633 - core.database - DEBUG - [DB_OP] Create tables completed in 2.7127s
2026-03-13 07:43:41,697 - services.database - INFO - 🔧 Table creation completed
2026-03-13 07:43:41,698 - services.database - INFO - Database initialized successfully
2026-03-13 07:43:41,698 - services.database - DEBUG - [DB_OP] Database initialization completed in 2.8533s
2026-03-13 07:43:41,742 - services.mock_data - INFO - Processing mock data file products.json for table products
2026-03-13 07:43:43,965 - services.mock_data - INFO - Table products already has 11 rows; skipping mock insert
2026-03-13 07:43:44,030 - services.database - DEBUG - [DB_OP] Starting database initialization
2026-03-13 07:43:44,030 - services.database - INFO - 🔧 Starting database initialization...
2026-03-13 07:43:44,031 - core.database - INFO - Starting database initialization...
2026-03-13 07:43:44,031 - core.database - INFO - Database already initialized
2026-03-13 07:43:44,031 - services.database - INFO - 🔧 Database connection initialized, now creating tables if tables not exist...
2026-03-13 07:43:44,031 - core.database - DEBUG - [DB_OP] Starting create_tables
2026-03-13 07:43:44,031 - core.database - INFO - Tables already initialized
2026-03-13 07:43:44,032 - services.database - INFO - 🔧 Table creation completed
2026-03-13 07:43:44,032 - services.database - INFO - Database initialized successfully
2026-03-13 07:43:44,032 - services.database - DEBUG - [DB_OP] Database initialization completed in 0.0020s
2026-03-13 07:43:44,032 - core.config - DEBUG - Read dynamic attribute admin_user_id from environment variable ADMIN_USER_ID
2026-03-13 07:43:44,032 - core.config - DEBUG - Read dynamic attribute admin_user_email from environment variable ADMIN_USER_EMAIL
2026-03-13 07:43:44,441 - services.auth - DEBUG - Admin user 1021803 already exists
2026-03-13 07:43:44,506 - main - INFO - === Application startup completed successfully ===
2026-03-13 07:47:05,293 - dependencies.auth - DEBUG - Authentication required for request GET /api/v1/auth/me
2026-03-13 07:47:18,567 - services.database - DEBUG - [DB_OP] Starting database close
2026-03-13 07:47:18,636 - core.database - INFO - Database connection closed and engine disposed
2026-03-13 07:47:18,636 - services.database - INFO - Database connections closed
2026-03-13 07:47:18,637 - services.database - DEBUG - [DB_OP] Database close completed in 0.0693s
