2026-03-12 15:29:37,226 - main - INFO - === Logging system initialized ===
2026-03-12 15:29:37,226 - main - INFO - Log file: logs/app_20260312_152937.log
2026-03-12 15:29:37,226 - main - INFO - Log level: INFO
2026-03-12 15:29:37,226 - main - INFO - Timestamp: 20260312_152937
2026-03-12 15:29:37,868 - main - INFO - Included router: routers.aihub.router
2026-03-12 15:29:37,887 - main - INFO - Included router: routers.auth.router
2026-03-12 15:29:37,959 - main - INFO - Included router: routers.clientes.router
2026-03-12 15:29:38,087 - main - INFO - Included router: routers.closet_cliente.router
2026-03-12 15:29:38,141 - main - INFO - Included router: routers.empresas.router
2026-03-12 15:29:38,151 - main - INFO - Included router: routers.health.router
2026-03-12 15:29:38,171 - main - INFO - Included router: routers.import_router.router
2026-03-12 15:29:38,210 - main - INFO - Included router: routers.itens_pedido.router
2026-03-12 15:29:38,249 - main - INFO - Included router: routers.outfit_recommendations.router
2026-03-12 15:29:38,289 - main - INFO - Included router: routers.pedidos.router
2026-03-12 15:29:38,329 - main - INFO - Included router: routers.products.router
2026-03-12 15:29:38,381 - main - INFO - Included router: routers.produtos_empresa.router
2026-03-12 15:29:38,429 - main - INFO - Included router: routers.purchases.router
2026-03-12 15:29:38,450 - main - INFO - Included router: routers.settings.router
2026-03-12 15:29:38,483 - main - INFO - Included router: routers.storage.router
2026-03-12 15:29:38,525 - main - INFO - Included router: routers.style_preferences.router
2026-03-12 15:29:38,535 - main - INFO - Included router: routers.user.router
2026-03-12 15:29:38,537 - main - INFO - === Application startup initiated ===
2026-03-12 15:29:38,537 - services.database - DEBUG - [DB_OP] Starting database initialization
2026-03-12 15:29:38,537 - services.database - INFO - 🔧 Starting database initialization...
2026-03-12 15:29:38,537 - core.database - INFO - Starting database initialization...
2026-03-12 15:29:38,538 - core.config - DEBUG - Read dynamic attribute database_url from environment variable DATABASE_URL
2026-03-12 15:29:38,538 - core.database - INFO - Normalizing database URL for async compatibility...
2026-03-12 15:29:38,539 - core.database - INFO - Creating async database engine...
2026-03-12 15:29:38,539 - core.database - INFO - Using QueuePool with connection pooling for non-Lambda environment
2026-03-12 15:29:38,670 - core.database - INFO - Database engine created successfully
2026-03-12 15:29:38,671 - core.database - INFO - Creating async session maker...
2026-03-12 15:29:38,671 - core.database - INFO - Async session maker created successfully
2026-03-12 15:29:38,671 - core.database - INFO - Database connection initialized successfully
2026-03-12 15:29:38,671 - services.database - INFO - 🔧 Database connection initialized, now creating tables if tables not exist...
2026-03-12 15:29:38,671 - core.database - DEBUG - [DB_OP] Starting create_tables
2026-03-12 15:29:38,671 - core.database - INFO - 🔧 Starting table creation...
2026-03-12 15:29:40,510 - core.database - INFO - Tables initialized successfully
2026-03-12 15:29:40,510 - core.database - DEBUG - [DB_OP] Create tables completed in 1.8393s
2026-03-12 15:29:40,571 - services.database - INFO - 🔧 Table creation completed
2026-03-12 15:29:40,571 - services.database - INFO - Database initialized successfully
2026-03-12 15:29:40,571 - services.database - DEBUG - [DB_OP] Database initialization completed in 2.0343s
2026-03-12 15:29:40,573 - services.mock_data - INFO - Processing mock data file products.json for table products
2026-03-12 15:29:42,535 - services.mock_data - INFO - Table products already has 11 rows; skipping mock insert
2026-03-12 15:29:42,594 - services.database - DEBUG - [DB_OP] Starting database initialization
2026-03-12 15:29:42,595 - services.database - INFO - 🔧 Starting database initialization...
2026-03-12 15:29:42,595 - core.database - INFO - Starting database initialization...
2026-03-12 15:29:42,595 - core.database - INFO - Database already initialized
2026-03-12 15:29:42,595 - services.database - INFO - 🔧 Database connection initialized, now creating tables if tables not exist...
2026-03-12 15:29:42,595 - core.database - DEBUG - [DB_OP] Starting create_tables
2026-03-12 15:29:42,596 - core.database - INFO - Tables already initialized
2026-03-12 15:29:42,596 - services.database - INFO - 🔧 Table creation completed
2026-03-12 15:29:42,596 - services.database - INFO - Database initialized successfully
2026-03-12 15:29:42,596 - services.database - DEBUG - [DB_OP] Database initialization completed in 0.0014s
2026-03-12 15:29:42,596 - core.config - DEBUG - Read dynamic attribute admin_user_id from environment variable ADMIN_USER_ID
2026-03-12 15:29:42,596 - core.config - DEBUG - Read dynamic attribute admin_user_email from environment variable ADMIN_USER_EMAIL
2026-03-12 15:29:42,959 - services.auth - DEBUG - Admin user 1021803 already exists
2026-03-12 15:29:43,018 - main - INFO - === Application startup completed successfully ===
2026-03-12 15:29:46,667 - core.config - DEBUG - Read dynamic attribute jwt_secret_key from environment variable JWT_SECRET_KEY
2026-03-12 15:29:46,667 - core.config - DEBUG - Read dynamic attribute jwt_algorithm from environment variable JWT_ALGORITHM
2026-03-12 15:29:46,676 - core.auth - DEBUG - Authentication token validated for user hash: 3e1bb2c4
2026-03-12 15:30:31,447 - services.database - DEBUG - [DB_OP] Starting database close
2026-03-12 15:30:31,511 - core.database - INFO - Database connection closed and engine disposed
2026-03-12 15:30:31,512 - services.database - INFO - Database connections closed
2026-03-12 15:30:31,512 - services.database - DEBUG - [DB_OP] Database close completed in 0.0647s
