2026-03-13 06:26:25,458 - main - INFO - === Logging system initialized ===
2026-03-13 06:26:25,458 - main - INFO - Log file: logs/app_20260313_062625.log
2026-03-13 06:26:25,458 - main - INFO - Log level: INFO
2026-03-13 06:26:25,458 - main - INFO - Timestamp: 20260313_062625
2026-03-13 06:26:26,064 - main - INFO - Included router: routers.aihub.router
2026-03-13 06:26:26,082 - main - INFO - Included router: routers.auth.router
2026-03-13 06:26:26,131 - main - INFO - Included router: routers.brand_rules.router
2026-03-13 06:26:26,251 - main - INFO - Included router: routers.brand_settings.router
2026-03-13 06:26:26,308 - main - INFO - Included router: routers.clientes.router
2026-03-13 06:26:26,362 - main - INFO - Included router: routers.closet_cliente.router
2026-03-13 06:26:26,440 - main - INFO - Included router: routers.curated_look_items.router
2026-03-13 06:26:26,522 - main - INFO - Included router: routers.curated_looks.router
2026-03-13 06:26:26,582 - main - INFO - Included router: routers.empresas.router
2026-03-13 06:26:26,630 - main - INFO - Included router: routers.engine.router
2026-03-13 06:26:26,634 - main - INFO - Included router: routers.health.router
2026-03-13 06:26:26,648 - main - INFO - Included router: routers.import_router.router
2026-03-13 06:26:26,699 - main - INFO - Included router: routers.itens_pedido.router
2026-03-13 06:26:26,752 - main - INFO - Included router: routers.outfit_recommendations.router
2026-03-13 06:26:26,806 - main - INFO - Included router: routers.pedidos.router
2026-03-13 06:26:26,822 - main - INFO - Included router: routers.price_router.router
2026-03-13 06:26:26,953 - main - INFO - Included router: routers.products.router
2026-03-13 06:26:27,033 - main - INFO - Included router: routers.produtos_empresa.router
2026-03-13 06:26:27,090 - main - INFO - Included router: routers.purchases.router
2026-03-13 06:26:27,137 - main - INFO - Included router: routers.recommendation_logs.router
2026-03-13 06:26:27,161 - main - INFO - Included router: routers.settings.router
2026-03-13 06:26:27,198 - main - INFO - Included router: routers.storage.router
2026-03-13 06:26:27,242 - main - INFO - Included router: routers.style_preferences.router
2026-03-13 06:26:27,250 - main - INFO - Included router: routers.user.router
2026-03-13 06:26:27,251 - main - INFO - === Application startup initiated ===
2026-03-13 06:26:27,252 - services.database - DEBUG - [DB_OP] Starting database initialization
2026-03-13 06:26:27,252 - services.database - INFO - 🔧 Starting database initialization...
2026-03-13 06:26:27,252 - core.database - INFO - Starting database initialization...
2026-03-13 06:26:27,252 - core.config - DEBUG - Read dynamic attribute database_url from environment variable DATABASE_URL
2026-03-13 06:26:27,252 - core.database - INFO - Normalizing database URL for async compatibility...
2026-03-13 06:26:27,254 - core.database - INFO - Creating async database engine...
2026-03-13 06:26:27,254 - core.database - INFO - Using QueuePool with connection pooling for non-Lambda environment
2026-03-13 06:26:27,301 - core.database - INFO - Database engine created successfully
2026-03-13 06:26:27,301 - core.database - INFO - Creating async session maker...
2026-03-13 06:26:27,301 - core.database - INFO - Async session maker created successfully
2026-03-13 06:26:27,301 - core.database - INFO - Database connection initialized successfully
2026-03-13 06:26:27,301 - services.database - INFO - 🔧 Database connection initialized, now creating tables if tables not exist...
2026-03-13 06:26:27,301 - core.database - DEBUG - [DB_OP] Starting create_tables
2026-03-13 06:26:27,302 - core.database - INFO - 🔧 Starting table creation...
2026-03-13 06:26:29,409 - core.database - INFO - Tables initialized successfully
2026-03-13 06:26:29,409 - core.database - DEBUG - [DB_OP] Create tables completed in 2.1077s
2026-03-13 06:26:29,467 - services.database - INFO - 🔧 Table creation completed
2026-03-13 06:26:29,468 - services.database - INFO - Database initialized successfully
2026-03-13 06:26:29,468 - services.database - DEBUG - [DB_OP] Database initialization completed in 2.2167s
2026-03-13 06:26:29,470 - services.mock_data - INFO - Processing mock data file products.json for table products
2026-03-13 06:26:31,378 - services.mock_data - INFO - Table products already has 11 rows; skipping mock insert
2026-03-13 06:26:31,440 - services.database - DEBUG - [DB_OP] Starting database initialization
2026-03-13 06:26:31,441 - services.database - INFO - 🔧 Starting database initialization...
2026-03-13 06:26:31,441 - core.database - INFO - Starting database initialization...
2026-03-13 06:26:31,441 - core.database - INFO - Database already initialized
2026-03-13 06:26:31,441 - services.database - INFO - 🔧 Database connection initialized, now creating tables if tables not exist...
2026-03-13 06:26:31,441 - core.database - DEBUG - [DB_OP] Starting create_tables
2026-03-13 06:26:31,441 - core.database - INFO - Tables already initialized
2026-03-13 06:26:31,442 - services.database - INFO - 🔧 Table creation completed
2026-03-13 06:26:31,442 - services.database - INFO - Database initialized successfully
2026-03-13 06:26:31,442 - services.database - DEBUG - [DB_OP] Database initialization completed in 0.0015s
2026-03-13 06:26:31,442 - core.config - DEBUG - Read dynamic attribute admin_user_id from environment variable ADMIN_USER_ID
2026-03-13 06:26:31,442 - core.config - DEBUG - Read dynamic attribute admin_user_email from environment variable ADMIN_USER_EMAIL
2026-03-13 06:26:31,805 - services.auth - DEBUG - Admin user 1021803 already exists
2026-03-13 06:26:31,863 - main - INFO - === Application startup completed successfully ===
2026-03-13 06:26:33,669 - services.database - DEBUG - [DB_OP] Starting database close
2026-03-13 06:26:33,731 - core.database - INFO - Database connection closed and engine disposed
2026-03-13 06:26:33,732 - services.database - INFO - Database connections closed
2026-03-13 06:26:33,732 - services.database - DEBUG - [DB_OP] Database close completed in 0.0629s
