2026-03-13 06:25:01,628 - main - INFO - === Logging system initialized ===
2026-03-13 06:25:01,628 - main - INFO - Log file: logs/app_20260313_062501.log
2026-03-13 06:25:01,628 - main - INFO - Log level: INFO
2026-03-13 06:25:01,628 - main - INFO - Timestamp: 20260313_062501
2026-03-13 06:25:02,715 - main - INFO - Included router: routers.aihub.router
2026-03-13 06:25:02,751 - main - INFO - Included router: routers.auth.router
2026-03-13 06:25:02,802 - main - INFO - Included router: routers.brand_rules.router
2026-03-13 06:25:03,016 - main - INFO - Included router: routers.brand_settings.router
2026-03-13 06:25:03,091 - main - INFO - Included router: routers.clientes.router
2026-03-13 06:25:03,144 - main - INFO - Included router: routers.closet_cliente.router
2026-03-13 06:25:03,206 - main - INFO - Included router: routers.curated_look_items.router
2026-03-13 06:25:03,269 - main - INFO - Included router: routers.curated_looks.router
2026-03-13 06:25:03,322 - main - INFO - Included router: routers.empresas.router
2026-03-13 06:25:03,417 - main - INFO - Included router: routers.engine.router
2026-03-13 06:25:03,419 - main - INFO - Included router: routers.health.router
2026-03-13 06:25:03,430 - main - INFO - Included router: routers.import_router.router
2026-03-13 06:25:03,481 - main - INFO - Included router: routers.itens_pedido.router
2026-03-13 06:25:03,523 - main - INFO - Included router: routers.outfit_recommendations.router
2026-03-13 06:25:03,566 - main - INFO - Included router: routers.pedidos.router
2026-03-13 06:25:03,614 - main - INFO - Included router: routers.products.router
2026-03-13 06:25:03,854 - main - INFO - Included router: routers.produtos_empresa.router
2026-03-13 06:25:03,912 - main - INFO - Included router: routers.purchases.router
2026-03-13 06:25:03,965 - main - INFO - Included router: routers.recommendation_logs.router
2026-03-13 06:25:03,987 - main - INFO - Included router: routers.settings.router
2026-03-13 06:25:04,027 - main - INFO - Included router: routers.storage.router
2026-03-13 06:25:04,080 - main - INFO - Included router: routers.style_preferences.router
2026-03-13 06:25:04,089 - main - INFO - Included router: routers.user.router
2026-03-13 06:25:04,091 - main - INFO - === Application startup initiated ===
2026-03-13 06:25:04,091 - services.database - DEBUG - [DB_OP] Starting database initialization
2026-03-13 06:25:04,091 - services.database - INFO - 🔧 Starting database initialization...
2026-03-13 06:25:04,092 - core.database - INFO - Starting database initialization...
2026-03-13 06:25:04,092 - core.config - DEBUG - Read dynamic attribute database_url from environment variable DATABASE_URL
2026-03-13 06:25:04,092 - core.database - INFO - Normalizing database URL for async compatibility...
2026-03-13 06:25:04,094 - core.database - INFO - Creating async database engine...
2026-03-13 06:25:04,094 - core.database - INFO - Using QueuePool with connection pooling for non-Lambda environment
2026-03-13 06:25:04,145 - core.database - INFO - Database engine created successfully
2026-03-13 06:25:04,145 - core.database - INFO - Creating async session maker...
2026-03-13 06:25:04,146 - core.database - INFO - Async session maker created successfully
2026-03-13 06:25:04,146 - core.database - INFO - Database connection initialized successfully
2026-03-13 06:25:04,146 - services.database - INFO - 🔧 Database connection initialized, now creating tables if tables not exist...
2026-03-13 06:25:04,147 - core.database - DEBUG - [DB_OP] Starting create_tables
2026-03-13 06:25:04,147 - core.database - INFO - 🔧 Starting table creation...
2026-03-13 06:25:06,540 - core.database - INFO - Tables initialized successfully
2026-03-13 06:25:06,541 - core.database - DEBUG - [DB_OP] Create tables completed in 2.3942s
2026-03-13 06:25:06,599 - services.database - INFO - 🔧 Table creation completed
2026-03-13 06:25:06,599 - services.database - INFO - Database initialized successfully
2026-03-13 06:25:06,600 - services.database - DEBUG - [DB_OP] Database initialization completed in 2.5086s
2026-03-13 06:25:06,600 - services.mock_data - INFO - Processing mock data file products.json for table products
2026-03-13 06:25:08,496 - services.mock_data - INFO - Table products already has 11 rows; skipping mock insert
2026-03-13 06:25:08,554 - services.database - DEBUG - [DB_OP] Starting database initialization
2026-03-13 06:25:08,555 - services.database - INFO - 🔧 Starting database initialization...
2026-03-13 06:25:08,555 - core.database - INFO - Starting database initialization...
2026-03-13 06:25:08,555 - core.database - INFO - Database already initialized
2026-03-13 06:25:08,555 - services.database - INFO - 🔧 Database connection initialized, now creating tables if tables not exist...
2026-03-13 06:25:08,555 - core.database - DEBUG - [DB_OP] Starting create_tables
2026-03-13 06:25:08,555 - core.database - INFO - Tables already initialized
2026-03-13 06:25:08,555 - services.database - INFO - 🔧 Table creation completed
2026-03-13 06:25:08,555 - services.database - INFO - Database initialized successfully
2026-03-13 06:25:08,556 - services.database - DEBUG - [DB_OP] Database initialization completed in 0.0012s
2026-03-13 06:25:08,556 - core.config - DEBUG - Read dynamic attribute admin_user_id from environment variable ADMIN_USER_ID
2026-03-13 06:25:08,556 - core.config - DEBUG - Read dynamic attribute admin_user_email from environment variable ADMIN_USER_EMAIL
2026-03-13 06:25:08,915 - services.auth - DEBUG - Admin user 1021803 already exists
2026-03-13 06:25:08,973 - main - INFO - === Application startup completed successfully ===
2026-03-13 06:25:09,074 - services.database - DEBUG - [DB_OP] Starting database close
2026-03-13 06:25:09,146 - core.database - INFO - Database connection closed and engine disposed
2026-03-13 06:25:09,146 - services.database - INFO - Database connections closed
2026-03-13 06:25:09,146 - services.database - DEBUG - [DB_OP] Database close completed in 0.0721s
