2026-03-13 06:26:35,465 - main - INFO - === Logging system initialized ===
2026-03-13 06:26:35,465 - main - INFO - Log file: logs/app_20260313_062635.log
2026-03-13 06:26:35,465 - main - INFO - Log level: INFO
2026-03-13 06:26:35,465 - main - INFO - Timestamp: 20260313_062635
2026-03-13 06:26:36,223 - main - INFO - Included router: routers.aihub.router
2026-03-13 06:26:36,239 - main - INFO - Included router: routers.auth.router
2026-03-13 06:26:36,293 - main - INFO - Included router: routers.brand_rules.router
2026-03-13 06:26:36,435 - main - INFO - Included router: routers.brand_settings.router
2026-03-13 06:26:36,492 - main - INFO - Included router: routers.clientes.router
2026-03-13 06:26:36,547 - main - INFO - Included router: routers.closet_cliente.router
2026-03-13 06:26:36,597 - main - INFO - Included router: routers.curated_look_items.router
2026-03-13 06:26:36,670 - main - INFO - Included router: routers.curated_looks.router
2026-03-13 06:26:36,723 - main - INFO - Included router: routers.empresas.router
2026-03-13 06:26:36,760 - main - INFO - Included router: routers.engine.router
2026-03-13 06:26:36,763 - main - INFO - Included router: routers.health.router
2026-03-13 06:26:36,775 - main - INFO - Included router: routers.import_router.router
2026-03-13 06:26:36,827 - main - INFO - Included router: routers.itens_pedido.router
2026-03-13 06:26:36,871 - main - INFO - Included router: routers.outfit_recommendations.router
2026-03-13 06:26:36,920 - main - INFO - Included router: routers.pedidos.router
2026-03-13 06:26:36,932 - main - INFO - Included router: routers.price_router.router
2026-03-13 06:26:37,052 - main - INFO - Included router: routers.products.router
2026-03-13 06:26:37,111 - main - INFO - Included router: routers.produtos_empresa.router
2026-03-13 06:26:37,153 - main - INFO - Included router: routers.purchases.router
2026-03-13 06:26:37,224 - main - INFO - Included router: routers.recommendation_logs.router
2026-03-13 06:26:37,248 - main - INFO - Included router: routers.settings.router
2026-03-13 06:26:37,350 - main - INFO - Included router: routers.stock_router.router
2026-03-13 06:26:37,430 - main - INFO - Included router: routers.storage.router
2026-03-13 06:26:37,477 - main - INFO - Included router: routers.style_preferences.router
2026-03-13 06:26:37,488 - main - INFO - Included router: routers.user.router
2026-03-13 06:26:37,489 - main - INFO - === Application startup initiated ===
2026-03-13 06:26:37,489 - services.database - DEBUG - [DB_OP] Starting database initialization
2026-03-13 06:26:37,489 - services.database - INFO - 🔧 Starting database initialization...
2026-03-13 06:26:37,490 - core.database - INFO - Starting database initialization...
2026-03-13 06:26:37,490 - core.config - DEBUG - Read dynamic attribute database_url from environment variable DATABASE_URL
2026-03-13 06:26:37,490 - core.database - INFO - Normalizing database URL for async compatibility...
2026-03-13 06:26:37,492 - core.database - INFO - Creating async database engine...
2026-03-13 06:26:37,492 - core.database - INFO - Using QueuePool with connection pooling for non-Lambda environment
2026-03-13 06:26:37,539 - core.database - INFO - Database engine created successfully
2026-03-13 06:26:37,539 - core.database - INFO - Creating async session maker...
2026-03-13 06:26:37,539 - core.database - INFO - Async session maker created successfully
2026-03-13 06:26:37,539 - core.database - INFO - Database connection initialized successfully
2026-03-13 06:26:37,539 - services.database - INFO - 🔧 Database connection initialized, now creating tables if tables not exist...
2026-03-13 06:26:37,539 - core.database - DEBUG - [DB_OP] Starting create_tables
2026-03-13 06:26:37,539 - core.database - INFO - 🔧 Starting table creation...
2026-03-13 06:26:39,676 - core.database - INFO - Tables initialized successfully
2026-03-13 06:26:39,676 - core.database - DEBUG - [DB_OP] Create tables completed in 2.1367s
2026-03-13 06:26:39,735 - services.database - INFO - 🔧 Table creation completed
2026-03-13 06:26:39,735 - services.database - INFO - Database initialized successfully
2026-03-13 06:26:39,735 - services.database - DEBUG - [DB_OP] Database initialization completed in 2.2460s
2026-03-13 06:26:39,736 - services.mock_data - INFO - Processing mock data file products.json for table products
2026-03-13 06:26:41,676 - services.mock_data - INFO - Table products already has 11 rows; skipping mock insert
2026-03-13 06:26:41,736 - services.database - DEBUG - [DB_OP] Starting database initialization
2026-03-13 06:26:41,736 - services.database - INFO - 🔧 Starting database initialization...
2026-03-13 06:26:41,736 - core.database - INFO - Starting database initialization...
2026-03-13 06:26:41,736 - core.database - INFO - Database already initialized
2026-03-13 06:26:41,736 - services.database - INFO - 🔧 Database connection initialized, now creating tables if tables not exist...
2026-03-13 06:26:41,737 - core.database - DEBUG - [DB_OP] Starting create_tables
2026-03-13 06:26:41,737 - core.database - INFO - Tables already initialized
2026-03-13 06:26:41,737 - services.database - INFO - 🔧 Table creation completed
2026-03-13 06:26:41,737 - services.database - INFO - Database initialized successfully
2026-03-13 06:26:41,737 - services.database - DEBUG - [DB_OP] Database initialization completed in 0.0012s
2026-03-13 06:26:41,737 - core.config - DEBUG - Read dynamic attribute admin_user_id from environment variable ADMIN_USER_ID
2026-03-13 06:26:41,737 - core.config - DEBUG - Read dynamic attribute admin_user_email from environment variable ADMIN_USER_EMAIL
2026-03-13 06:26:42,104 - services.auth - DEBUG - Admin user 1021803 already exists
2026-03-13 06:26:42,163 - main - INFO - === Application startup completed successfully ===
2026-03-13 06:26:43,868 - services.database - DEBUG - [DB_OP] Starting database close
2026-03-13 06:26:43,930 - core.database - INFO - Database connection closed and engine disposed
2026-03-13 06:26:43,930 - services.database - INFO - Database connections closed
2026-03-13 06:26:43,930 - services.database - DEBUG - [DB_OP] Database close completed in 0.0622s
